2024-07-07 16:57:05.642 [info] Getting Manifest... jeff-hykin.better-shellscript-syntax
2024-07-07 16:57:05.643 [info] Getting Manifest... ms-toolsai.jupyter
2024-07-07 16:57:05.644 [info] Getting Manifest... ms-vscode-remote.remote-containers
2024-07-07 16:57:06.113 [info] Installing extension: jeff-hykin.better-shellscript-syntax {"productVersion":{"version":"1.91.0","date":"2024-07-01T18:52:41.959Z"},"pinned":false,"isApplicationScoped":false,"profileLocation":{"$mid":1,"external":"vscode-userdata:/home/max/.vscode/extensions/extensions.json","path":"/home/max/.vscode/extensions/extensions.json","scheme":"vscode-userdata"},"installOnlyNewlyAddedFromExtensionPack":true}
2024-07-07 16:57:06.135 [info] Installing extension: ms-vscode-remote.remote-containers {"productVersion":{"version":"1.91.0","date":"2024-07-01T18:52:41.959Z"},"pinned":false,"isApplicationScoped":false,"profileLocation":{"$mid":1,"external":"vscode-userdata:/home/max/.vscode/extensions/extensions.json","path":"/home/max/.vscode/extensions/extensions.json","scheme":"vscode-userdata"},"installOnlyNewlyAddedFromExtensionPack":true}
2024-07-07 16:57:06.137 [info] Installing extension: ms-toolsai.jupyter {"productVersion":{"version":"1.91.0","date":"2024-07-01T18:52:41.959Z"},"pinned":false,"isApplicationScoped":false,"profileLocation":{"$mid":1,"external":"vscode-userdata:/home/max/.vscode/extensions/extensions.json","path":"/home/max/.vscode/extensions/extensions.json","scheme":"vscode-userdata"},"installOnlyNewlyAddedFromExtensionPack":true}
2024-07-07 16:57:09.457 [info] Extension signature verification result for jeff-hykin.better-shellscript-syntax: Success. Executed: true. Duration: 1734ms.
2024-07-07 16:57:09.478 [info] Extracted extension to file:///home/max/.vscode/extensions/jeff-hykin.better-shellscript-syntax-1.9.0: jeff-hykin.better-shellscript-syntax
2024-07-07 16:57:09.480 [info] Renamed to /home/max/.vscode/extensions/jeff-hykin.better-shellscript-syntax-1.9.0
2024-07-07 16:57:09.491 [info] Marked extension as uninstalled jeff-hykin.better-shellscript-syntax-1.8.7
2024-07-07 16:57:09.511 [info] Extension installed successfully: jeff-hykin.better-shellscript-syntax vscode-userdata:/home/max/.vscode/extensions/extensions.json
2024-07-07 16:57:09.556 [info] Extension signature verification result for ms-vscode-remote.remote-containers: Success. Executed: true. Duration: 1279ms.
2024-07-07 16:57:09.563 [error] [uncaught exception in sharedProcess]: Error: ENOENT: no such file or directory, stat '/home/max/.vscode/extensions/extensions.json.vsctmp': EntryNotFound (FileSystemError): Error: ENOENT: no such file or directory, stat '/home/max/.vscode/extensions/extensions.json.vsctmp'
    at h.create (/snap/code/163/usr/share/code/resources/app/out/vs/code/node/sharedProcess/sharedProcessMain.js:54:19262)
    at f (/snap/code/163/usr/share/code/resources/app/out/vs/code/node/sharedProcess/sharedProcessMain.js:54:19372)
    at P.hb (/snap/code/163/usr/share/code/resources/app/out/vs/code/node/sharedProcess/sharedProcessMain.js:59:36571)
    at P.stat (/snap/code/163/usr/share/code/resources/app/out/vs/code/node/sharedProcess/sharedProcessMain.js:59:28919)
    at async s.stat (/snap/code/163/usr/share/code/resources/app/out/vs/code/node/sharedProcess/sharedProcessMain.js:59:14907)
    at async V.vb (/snap/code/163/usr/share/code/resources/app/out/vs/code/node/sharedProcess/sharedProcessMain.js:105:119283)
2024-07-07 16:57:09.669 [info] Extracted extension to file:///home/max/.vscode/extensions/ms-vscode-remote.remote-containers-0.375.0: ms-vscode-remote.remote-containers
2024-07-07 16:57:09.671 [info] Renamed to /home/max/.vscode/extensions/ms-vscode-remote.remote-containers-0.375.0
2024-07-07 16:57:09.690 [info] Marked extension as uninstalled ms-vscode-remote.remote-containers-0.369.0
2024-07-07 16:57:09.701 [info] Extension installed successfully: ms-vscode-remote.remote-containers vscode-userdata:/home/max/.vscode/extensions/extensions.json
2024-07-07 16:57:09.738 [error] [uncaught exception in sharedProcess]: Error: ENOENT: no such file or directory, stat '/home/max/.vscode/extensions/extensions.json.vsctmp': EntryNotFound (FileSystemError): Error: ENOENT: no such file or directory, stat '/home/max/.vscode/extensions/extensions.json.vsctmp'
    at h.create (/snap/code/163/usr/share/code/resources/app/out/vs/code/node/sharedProcess/sharedProcessMain.js:54:19262)
    at f (/snap/code/163/usr/share/code/resources/app/out/vs/code/node/sharedProcess/sharedProcessMain.js:54:19372)
    at P.hb (/snap/code/163/usr/share/code/resources/app/out/vs/code/node/sharedProcess/sharedProcessMain.js:59:36571)
    at P.stat (/snap/code/163/usr/share/code/resources/app/out/vs/code/node/sharedProcess/sharedProcessMain.js:59:28919)
    at async s.stat (/snap/code/163/usr/share/code/resources/app/out/vs/code/node/sharedProcess/sharedProcessMain.js:59:14907)
    at async V.vb (/snap/code/163/usr/share/code/resources/app/out/vs/code/node/sharedProcess/sharedProcessMain.js:105:119283)
2024-07-07 16:57:10.118 [info] Extension signature verification result for ms-toolsai.jupyter: Success. Executed: true. Duration: 543ms.
2024-07-07 16:57:10.291 [info] Extracted extension to file:///home/max/.vscode/extensions/ms-toolsai.jupyter-2024.6.0-linux-x64: ms-toolsai.jupyter
2024-07-07 16:57:10.294 [info] Renamed to /home/max/.vscode/extensions/ms-toolsai.jupyter-2024.6.0-linux-x64
2024-07-07 16:57:10.325 [info] Marked extension as uninstalled ms-toolsai.jupyter-2024.5.0-linux-x64
2024-07-07 16:57:10.330 [info] Extension installed successfully: ms-toolsai.jupyter vscode-userdata:/home/max/.vscode/extensions/extensions.json
2024-07-07 16:57:10.376 [error] [uncaught exception in sharedProcess]: Error: ENOENT: no such file or directory, stat '/home/max/.vscode/extensions/extensions.json.vsctmp': EntryNotFound (FileSystemError): Error: ENOENT: no such file or directory, stat '/home/max/.vscode/extensions/extensions.json.vsctmp'
    at h.create (/snap/code/163/usr/share/code/resources/app/out/vs/code/node/sharedProcess/sharedProcessMain.js:54:19262)
    at f (/snap/code/163/usr/share/code/resources/app/out/vs/code/node/sharedProcess/sharedProcessMain.js:54:19372)
    at P.hb (/snap/code/163/usr/share/code/resources/app/out/vs/code/node/sharedProcess/sharedProcessMain.js:59:36571)
    at P.stat (/snap/code/163/usr/share/code/resources/app/out/vs/code/node/sharedProcess/sharedProcessMain.js:59:28919)
    at async s.stat (/snap/code/163/usr/share/code/resources/app/out/vs/code/node/sharedProcess/sharedProcessMain.js:59:14907)
    at async V.vb (/snap/code/163/usr/share/code/resources/app/out/vs/code/node/sharedProcess/sharedProcessMain.js:105:119283)
