2024-06-12 15:07:13.881 [info] Reading sessions from keychain...
2024-06-12 15:07:13.881 [info] Getting sessions for all scopes...
2024-06-12 15:07:13.881 [info] Getting sessions for user:email...
2024-06-12 15:07:13.959 [info] Getting sessions for read:user,repo,user:email,workflow...
2024-06-12 15:07:13.999 [info] Got 0 sessions for ...
2024-06-12 15:07:13.999 [info] Got 0 sessions for user:email...
2024-06-12 15:07:13.999 [info] Got 0 sessions for read:user,repo,user:email,workflow...
2024-06-12 15:07:28.730 [info] Getting sessions for read:user,repo,user:email,workflow...
2024-06-12 15:07:28.730 [info] Got 0 sessions for read:user,repo,user:email,workflow...
2024-06-12 15:07:30.648 [info] Logging in for the following scopes: read:user repo user:email workflow
2024-06-12 15:07:30.651 [info] Trying without local server... (read:user repo user:email workflow)
2024-06-12 15:07:33.968 [info] Exchanging code for token...
2024-06-12 15:07:34.644 [info] Token exchange success!
2024-06-12 15:07:34.646 [info] Getting user info...
2024-06-12 15:07:35.222 [info] Got account info!
2024-06-12 15:07:35.223 [info] Storing 1 sessions...
2024-06-12 15:07:35.225 [info] Reading sessions from keychain...
2024-06-12 15:07:35.225 [info] Stored 1 sessions!
2024-06-12 15:07:35.226 [info] Login success!
2024-06-12 15:07:35.226 [info] Got stored sessions!
2024-06-12 15:07:35.226 [info] Got 1 verified sessions.
2024-06-12 15:07:35.235 [info] Getting sessions for user:email...
2024-06-12 15:07:35.235 [info] Got 0 sessions for user:email...
2024-06-12 15:07:35.236 [info] Getting sessions for user:email...
2024-06-12 15:07:35.236 [info] Got 0 sessions for user:email...
2024-06-12 15:07:35.830 [info] Getting sessions for read:user,repo,user:email,workflow...
2024-06-12 15:07:35.830 [info] Got 1 sessions for read:user,repo,user:email,workflow...
2024-06-12 15:07:35.946 [info] Getting sessions for read:user,repo,user:email,workflow...
2024-06-12 15:07:35.946 [info] Got 1 sessions for read:user,repo,user:email,workflow...
