2024-07-01 02:02:09.115 [info] Extension host with pid 11513 started
2024-07-01 02:02:09.115 [info] Skipping acquiring lock for /home/max/.config/Code/User/workspaceStorage/54efa142ed80f45eace718ae0fac59fd.
2024-07-01 02:02:09.236 [info] ExtensionService#_doActivateExtension vscode.git-base, startup: true, activationEvent: '*', root cause: vscode.git
2024-07-01 02:02:09.241 [info] ExtensionService#_doActivateExtension xshrim.txt-syntax, startup: true, activationEvent: '*'
2024-07-01 02:02:09.276 [info] ExtensionService#_doActivateExtension vscode.git, startup: true, activationEvent: '*'
2024-07-01 02:02:09.333 [info] ExtensionService#_doActivateExtension vscode.github, startup: true, activationEvent: '*'
2024-07-01 02:02:09.428 [info] Eager extensions activated
2024-07-01 02:02:09.454 [info] ExtensionService#_doActivateExtension vscode.debug-auto-launch, startup: false, activationEvent: 'onStartupFinished'
2024-07-01 02:02:09.455 [info] ExtensionService#_doActivateExtension vscode.merge-conflict, startup: false, activationEvent: 'onStartupFinished'
2024-07-01 02:02:09.469 [info] ExtensionService#_doActivateExtension formulahendry.code-runner, startup: false, activationEvent: 'onStartupFinished'
2024-07-01 02:02:09.490 [info] ExtensionService#_doActivateExtension meronz.manpages, startup: false, activationEvent: 'onStartupFinished'
2024-07-01 02:02:09.493 [info] ExtensionService#_doActivateExtension ms-vscode-remote.remote-containers, startup: false, activationEvent: 'onStartupFinished'
2024-07-01 02:02:09.575 [info] ExtensionService#_doActivateExtension ms-vscode-remote.remote-wsl, startup: false, activationEvent: 'onStartupFinished'
2024-07-01 02:02:09.708 [info] ExtensionService#_doActivateExtension vscode.github-authentication, startup: false, activationEvent: 'onAuthenticationRequest:github'
2024-07-01 02:02:09.735 [info] ExtensionService#_doActivateExtension vscode.emmet, startup: false, activationEvent: 'onLanguage'
2024-07-01 02:02:10.501 [info] Extension host terminating: renderer closed the MessagePort
2024-07-01 02:02:10.519 [error] Canceled: Canceled
	at new A (/snap/code/162/usr/share/code/resources/app/out/vs/workbench/api/node/extensionHostProcess.js:143:50615)
	at E.U (/snap/code/162/usr/share/code/resources/app/out/vs/workbench/api/node/extensionHostProcess.js:150:6007)
	at z.<computed>.M.charCodeAt.R.CharCode.DollarSign.z.<computed> (/snap/code/162/usr/share/code/resources/app/out/vs/workbench/api/node/extensionHostProcess.js:150:3091)
	at h.g (/snap/code/162/usr/share/code/resources/app/out/vs/workbench/api/node/extensionHostProcess.js:153:199937)
	at h.executeCommand (/snap/code/162/usr/share/code/resources/app/out/vs/workbench/api/node/extensionHostProcess.js:153:199375)
	at I.registerCommand.description (/snap/code/162/usr/share/code/resources/app/out/vs/workbench/api/node/extensionHostProcess.js:153:198699)
	at h (/snap/code/162/usr/share/code/resources/app/out/vs/workbench/api/node/extensionHostProcess.js:153:200476)
	at h.g (/snap/code/162/usr/share/code/resources/app/out/vs/workbench/api/node/extensionHostProcess.js:153:199468)
	at h.executeCommand (/snap/code/162/usr/share/code/resources/app/out/vs/workbench/api/node/extensionHostProcess.js:153:199375)
	at Object.executeCommand (/snap/code/162/usr/share/code/resources/app/out/vs/workbench/api/node/extensionHostProcess.js:163:22742)
	at n.O [as value] (/snap/code/162/usr/share/code/resources/app/extensions/git/dist/main.js:2:945191)
	at l.y (/snap/code/162/usr/share/code/resources/app/out/vs/workbench/api/node/extensionHostProcess.js:82:664)
	at l.z (/snap/code/162/usr/share/code/resources/app/out/vs/workbench/api/node/extensionHostProcess.js:82:734)
	at l.fire (/snap/code/162/usr/share/code/resources/app/out/vs/workbench/api/node/extensionHostProcess.js:82:950)
	at Object.p [as dispose] (/snap/code/162/usr/share/code/resources/app/extensions/git/dist/main.js:2:964275)
	at /snap/code/162/usr/share/code/resources/app/extensions/git/dist/main.js:2:970313
	at Array.forEach (<anonymous>)
	at f.dispose (/snap/code/162/usr/share/code/resources/app/extensions/git/dist/main.js:2:970299)
	at a.<anonymous> (/snap/code/162/usr/share/code/resources/app/out/vs/workbench/api/node/extensionHostProcess.js:151:4032)
	at a.dispose (/snap/code/162/usr/share/code/resources/app/out/vs/workbench/api/node/extensionHostProcess.js:151:4129)
	at a.<anonymous> (/snap/code/162/usr/share/code/resources/app/extensions/git/dist/main.js:2:947448)
	at a.dispose (/snap/code/162/usr/share/code/resources/app/out/vs/workbench/api/node/extensionHostProcess.js:151:4129)
	at f (/snap/code/162/usr/share/code/resources/app/out/vs/workbench/api/node/extensionHostProcess.js:30:744)
	at u.eb (/snap/code/162/usr/share/code/resources/app/out/vs/workbench/api/node/extensionHostProcess.js:159:9991)
	at /snap/code/162/usr/share/code/resources/app/out/vs/workbench/api/node/extensionHostProcess.js:159:7867
	at Array.map (<anonymous>)
	at u.$ (/snap/code/162/usr/share/code/resources/app/out/vs/workbench/api/node/extensionHostProcess.js:159:7854)
	at u.terminate (/snap/code/162/usr/share/code/resources/app/out/vs/workbench/api/node/extensionHostProcess.js:159:8127)
	at f.terminate (/snap/code/162/usr/share/code/resources/app/out/vs/workbench/api/node/extensionHostProcess.js:163:1513)
	at t (/snap/code/162/usr/share/code/resources/app/out/vs/workbench/api/node/extensionHostProcess.js:176:10459)
	at MessagePortMain.<anonymous> (/snap/code/162/usr/share/code/resources/app/out/vs/workbench/api/node/extensionHostProcess.js:176:6675)
	at MessagePortMain.emit (node:events:514:28)
	at MessagePortMain._internalPort.emit (node:electron/js2c/utility_init:2:2285) setContext undefined
2024-07-01 02:02:10.520 [error] Canceled: Canceled
	at new A (/snap/code/162/usr/share/code/resources/app/out/vs/workbench/api/node/extensionHostProcess.js:143:50615)
	at E.U (/snap/code/162/usr/share/code/resources/app/out/vs/workbench/api/node/extensionHostProcess.js:150:6007)
	at z.<computed>.M.charCodeAt.R.CharCode.DollarSign.z.<computed> (/snap/code/162/usr/share/code/resources/app/out/vs/workbench/api/node/extensionHostProcess.js:150:3091)
	at h.g (/snap/code/162/usr/share/code/resources/app/out/vs/workbench/api/node/extensionHostProcess.js:153:199937)
	at h.executeCommand (/snap/code/162/usr/share/code/resources/app/out/vs/workbench/api/node/extensionHostProcess.js:153:199375)
	at I.registerCommand.description (/snap/code/162/usr/share/code/resources/app/out/vs/workbench/api/node/extensionHostProcess.js:153:198699)
	at h (/snap/code/162/usr/share/code/resources/app/out/vs/workbench/api/node/extensionHostProcess.js:153:200476)
	at h.g (/snap/code/162/usr/share/code/resources/app/out/vs/workbench/api/node/extensionHostProcess.js:153:199468)
	at h.executeCommand (/snap/code/162/usr/share/code/resources/app/out/vs/workbench/api/node/extensionHostProcess.js:153:199375)
	at Object.executeCommand (/snap/code/162/usr/share/code/resources/app/out/vs/workbench/api/node/extensionHostProcess.js:163:22742)
	at set hasGitHubRepositories (/snap/code/162/usr/share/code/resources/app/extensions/github/dist/extension.js:2:322969)
	at /snap/code/162/usr/share/code/resources/app/extensions/github/dist/extension.js:2:323928
	at n.value (/snap/code/162/usr/share/code/resources/app/extensions/git/dist/main.js:2:1050764)
	at l.y (/snap/code/162/usr/share/code/resources/app/out/vs/workbench/api/node/extensionHostProcess.js:82:664)
	at l.z (/snap/code/162/usr/share/code/resources/app/out/vs/workbench/api/node/extensionHostProcess.js:82:734)
	at l.fire (/snap/code/162/usr/share/code/resources/app/out/vs/workbench/api/node/extensionHostProcess.js:82:950)
	at Object.p [as dispose] (/snap/code/162/usr/share/code/resources/app/extensions/git/dist/main.js:2:964275)
	at /snap/code/162/usr/share/code/resources/app/extensions/git/dist/main.js:2:970313
	at Array.forEach (<anonymous>)
	at f.dispose (/snap/code/162/usr/share/code/resources/app/extensions/git/dist/main.js:2:970299)
	at a.<anonymous> (/snap/code/162/usr/share/code/resources/app/out/vs/workbench/api/node/extensionHostProcess.js:151:4032)
	at a.dispose (/snap/code/162/usr/share/code/resources/app/out/vs/workbench/api/node/extensionHostProcess.js:151:4129)
	at a.<anonymous> (/snap/code/162/usr/share/code/resources/app/extensions/git/dist/main.js:2:947448)
	at a.dispose (/snap/code/162/usr/share/code/resources/app/out/vs/workbench/api/node/extensionHostProcess.js:151:4129)
	at f (/snap/code/162/usr/share/code/resources/app/out/vs/workbench/api/node/extensionHostProcess.js:30:744)
	at u.eb (/snap/code/162/usr/share/code/resources/app/out/vs/workbench/api/node/extensionHostProcess.js:159:9991)
	at /snap/code/162/usr/share/code/resources/app/out/vs/workbench/api/node/extensionHostProcess.js:159:7867
	at Array.map (<anonymous>)
	at u.$ (/snap/code/162/usr/share/code/resources/app/out/vs/workbench/api/node/extensionHostProcess.js:159:7854)
	at u.terminate (/snap/code/162/usr/share/code/resources/app/out/vs/workbench/api/node/extensionHostProcess.js:159:8127)
	at f.terminate (/snap/code/162/usr/share/code/resources/app/out/vs/workbench/api/node/extensionHostProcess.js:163:1513)
	at t (/snap/code/162/usr/share/code/resources/app/out/vs/workbench/api/node/extensionHostProcess.js:176:10459)
	at MessagePortMain.<anonymous> (/snap/code/162/usr/share/code/resources/app/out/vs/workbench/api/node/extensionHostProcess.js:176:6675)
	at MessagePortMain.emit (node:events:514:28)
	at MessagePortMain._internalPort.emit (node:electron/js2c/utility_init:2:2285) setContext undefined
2024-07-01 02:02:10.520 [error] ProxyResolver#resolveProxy DIRECT Canceled: Canceled
	at new A (/snap/code/162/usr/share/code/resources/app/out/vs/workbench/api/node/extensionHostProcess.js:143:50615)
	at E.U (/snap/code/162/usr/share/code/resources/app/out/vs/workbench/api/node/extensionHostProcess.js:150:6007)
	at z.<computed>.M.charCodeAt.R.CharCode.DollarSign.z.<computed> (/snap/code/162/usr/share/code/resources/app/out/vs/workbench/api/node/extensionHostProcess.js:150:3091)
	at N.resolveProxy (/snap/code/162/usr/share/code/resources/app/out/vs/workbench/api/node/extensionHostProcess.js:156:43281)
	at Object.resolveProxy (/snap/code/162/usr/share/code/resources/app/out/vs/workbench/api/node/extensionHostProcess.js:138:31146)
	at useProxySettings (/snap/code/162/usr/share/code/resources/app/node_modules.asar/@vscode/proxy-agent/out/index.js:165:16)
	at /snap/code/162/usr/share/code/resources/app/node_modules.asar/@vscode/proxy-agent/out/index.js:113:13
	at /snap/code/162/usr/share/code/resources/app/node_modules.asar/@vscode/proxy-agent/out/index.js:459:13 
2024-07-01 02:02:10.526 [info] Extension host with pid 11513 exiting with code 0
