2024-06-20 18:13:26.272 [info] Log level: Info
2024-06-20 18:13:26.272 [info] Validating found git in: "git"
2024-06-20 18:13:26.272 [info] Using git "2.43.0" from "git"
2024-06-20 18:13:26.272 [info] > git rev-parse --show-toplevel [3ms]
2024-06-20 18:13:26.272 [info] > git rev-parse --git-dir --git-common-dir [16ms]
2024-06-20 18:13:26.272 [info] Open repository: /home/max/obsidian/obsidian
2024-06-20 18:13:26.293 [info] > git rev-parse --show-toplevel [14ms]
2024-06-20 18:13:26.294 [info] > git config --get commit.template [17ms]
2024-06-20 18:13:26.322 [info] > git rev-parse --show-toplevel [11ms]
2024-06-20 18:13:26.329 [info] > git for-each-ref --format=%(refname)%00%(upstream:short)%00%(objectname)%00%(upstream:track)%00%(upstream:remotename)%00%(upstream:remoteref) refs/heads/master refs/remotes/master [8ms]
2024-06-20 18:13:26.353 [info] > git rev-parse --show-toplevel [24ms]
2024-06-20 18:13:26.372 [info] > git status -z -uall [10ms]
2024-06-20 18:13:26.373 [info] > git rev-parse --show-toplevel [14ms]
2024-06-20 18:13:26.392 [info] > git merge-base refs/heads/master refs/remotes/origin/master [10ms]
2024-06-20 18:13:26.397 [info] > git config --get commit.template [5ms]
2024-06-20 18:13:26.407 [info] > git rev-list --count --left-right refs/heads/master...refs/remotes/origin/master [11ms]
2024-06-20 18:13:26.419 [info] > git for-each-ref --format=%(refname)%00%(upstream:short)%00%(objectname)%00%(upstream:track)%00%(upstream:remotename)%00%(upstream:remoteref) refs/heads/master refs/remotes/master [3ms]
2024-06-20 18:13:26.419 [info] > git diff --name-status -z --diff-filter=ADMR 1ca1bff09e57a258f4549936834eb359ef7a22fd...refs/remotes/origin/master [7ms]
2024-06-20 18:13:26.427 [info] > git status -z -uall [2ms]
2024-06-20 18:13:26.794 [info] > git check-ignore -v -z --stdin [1ms]
2024-06-20 18:13:27.265 [info] > git fetch [1013ms]
2024-06-20 18:13:27.272 [info] > git config --get commit.template [3ms]
2024-06-20 18:13:27.273 [info] > git for-each-ref --format=%(refname)%00%(upstream:short)%00%(objectname)%00%(upstream:track)%00%(upstream:remotename)%00%(upstream:remoteref) refs/heads/master refs/remotes/master [1ms]
2024-06-20 18:13:27.278 [info] > git status -z -uall [2ms]
2024-06-20 18:13:28.259 [info] > git merge-base refs/heads/master refs/remotes/origin/master [2ms]
2024-06-20 18:13:28.265 [info] > git rev-list --count --left-right refs/heads/master...refs/remotes/origin/master [2ms]
2024-06-20 18:13:28.356 [info] > git config --get commit.template [4ms]
2024-06-20 18:13:28.357 [info] > git for-each-ref --format=%(refname)%00%(upstream:short)%00%(objectname)%00%(upstream:track)%00%(upstream:remotename)%00%(upstream:remoteref) refs/heads/master refs/remotes/master [2ms]
2024-06-20 18:13:28.370 [info] > git status -z -uall [9ms]
2024-06-20 18:13:28.841 [info] > git check-ignore -v -z --stdin [1ms]
2024-06-20 18:13:30.082 [info] > git add -A -- . [4ms]
2024-06-20 18:13:30.509 [info] > git show --textconv :.git/COMMIT_EDITMSG [6ms]
2024-06-20 18:13:30.509 [info] > git ls-files --stage -- /home/max/obsidian/obsidian/.git/COMMIT_EDITMSG [1ms]
2024-06-20 18:13:30.968 [info] > git check-ignore -v -z --stdin [1ms]
2024-06-20 18:13:31.262 [info] > git ls-files --stage -- /home/max/obsidian/obsidian/.git/COMMIT_EDITMSG [1ms]
2024-06-20 18:13:31.268 [info] > git show --textconv :.git/COMMIT_EDITMSG [1ms]
2024-06-20 18:13:32.828 [info] > git -c user.useConfigOnly=true commit --quiet [2742ms]
2024-06-20 18:13:32.828 [info] Aborting commit due to empty commit message.
2024-06-20 18:13:32.842 [info] > git config --get commit.template [8ms]
2024-06-20 18:13:32.843 [info] > git for-each-ref --format=%(refname)%00%(upstream:short)%00%(objectname)%00%(upstream:track)%00%(upstream:remotename)%00%(upstream:remoteref) refs/heads/master refs/remotes/master [1ms]
2024-06-20 18:13:32.855 [info] > git status -z -uall [2ms]
2024-06-20 18:13:35.046 [info] > git show --textconv :.git/COMMIT_EDITMSG [4ms]
2024-06-20 18:13:35.046 [info] > git ls-files --stage -- /home/max/obsidian/obsidian/.git/COMMIT_EDITMSG [1ms]
2024-06-20 18:13:35.910 [info] > git ls-files --stage -- /home/max/obsidian/obsidian/.git/COMMIT_EDITMSG [1ms]
2024-06-20 18:13:35.917 [info] > git show --textconv :.git/COMMIT_EDITMSG [1ms]
2024-06-20 18:13:40.944 [info] > git ls-files --stage -- /home/max/obsidian/obsidian/.git/COMMIT_EDITMSG [2ms]
2024-06-20 18:13:40.950 [info] > git show --textconv :.git/COMMIT_EDITMSG [2ms]
2024-06-20 18:13:42.416 [info] > git -c user.useConfigOnly=true commit --quiet [7692ms]
2024-06-20 18:13:42.427 [info] > git config --get commit.template [6ms]
2024-06-20 18:13:42.432 [info] > git for-each-ref --format=%(refname)%00%(upstream:short)%00%(objectname)%00%(upstream:track)%00%(upstream:remotename)%00%(upstream:remoteref) refs/heads/master refs/remotes/master [5ms]
2024-06-20 18:13:42.441 [info] > git status -z -uall [3ms]
2024-06-20 18:13:42.448 [info] > git merge-base refs/heads/master refs/remotes/origin/master [3ms]
2024-06-20 18:13:42.463 [info] > git rev-list --count --left-right refs/heads/master...refs/remotes/origin/master [10ms]
2024-06-20 18:13:42.467 [info] > git config --get commit.template [5ms]
2024-06-20 18:13:42.467 [info] > git merge-base refs/heads/master refs/remotes/origin/master [8ms]
2024-06-20 18:13:42.476 [info] > git diff --name-status -z --diff-filter=ADMR 1ca1bff09e57a258f4549936834eb359ef7a22fd...refs/remotes/origin/master [10ms]
2024-06-20 18:13:42.484 [info] > git rev-list --count --left-right refs/heads/master...refs/remotes/origin/master [9ms]
2024-06-20 18:13:42.485 [info] > git for-each-ref --format=%(refname)%00%(upstream:short)%00%(objectname)%00%(upstream:track)%00%(upstream:remotename)%00%(upstream:remoteref) refs/heads/master refs/remotes/master [2ms]
2024-06-20 18:13:42.491 [info] > git status -z -uall [2ms]
2024-06-20 18:13:44.368 [info] > git log --oneline --cherry master...master@{upstream} -- [2ms]
2024-06-20 18:13:45.427 [info] > git pull --tags origin master [1053ms]
2024-06-20 18:13:45.427 [info] From https://github.com/A-freedom/obsidian
 * branch            master     -> FETCH_HEAD
2024-06-20 18:13:46.877 [info] > git push origin master:master [1444ms]
2024-06-20 18:13:46.877 [info] To https://github.com/A-freedom/obsidian.git
   1ca1bff..d84b85f  master -> master
2024-06-20 18:13:46.886 [info] > git config --get commit.template [4ms]
2024-06-20 18:13:46.887 [info] > git for-each-ref --format=%(refname)%00%(upstream:short)%00%(objectname)%00%(upstream:track)%00%(upstream:remotename)%00%(upstream:remoteref) refs/heads/master refs/remotes/master [1ms]
2024-06-20 18:13:46.892 [info] > git status -z -uall [1ms]
2024-06-20 18:13:46.904 [info] > git merge-base refs/heads/master refs/remotes/origin/master [5ms]
2024-06-20 18:13:46.914 [info] > git rev-list --count --left-right refs/heads/master...refs/remotes/origin/master [4ms]
2024-06-20 18:13:46.918 [info] > git merge-base refs/heads/master refs/remotes/origin/master [4ms]
2024-06-20 18:13:46.921 [info] > git diff --name-status -z --diff-filter=ADMR d84b85f9b5ed20c7274cc8dd382896b2093a57a0...refs/remotes/origin/master [4ms]
2024-06-20 18:13:46.922 [info] > git rev-list --count --left-right refs/heads/master...refs/remotes/origin/master [1ms]
2024-06-20 18:13:47.959 [info] > git config --get commit.template [1ms]
2024-06-20 18:13:47.965 [info] > git for-each-ref --format=%(refname)%00%(upstream:short)%00%(objectname)%00%(upstream:track)%00%(upstream:remotename)%00%(upstream:remoteref) refs/heads/master refs/remotes/master [0ms]
2024-06-20 18:13:47.970 [info] > git status -z -uall [2ms]
2024-06-21 16:01:28.698 [info] > git config --get commit.template [5ms]
2024-06-21 16:01:28.699 [info] > git for-each-ref --format=%(refname)%00%(upstream:short)%00%(objectname)%00%(upstream:track)%00%(upstream:remotename)%00%(upstream:remoteref) refs/heads/master refs/remotes/master [2ms]
2024-06-21 16:01:28.705 [info] > git status -z -uall [3ms]
2024-06-21 16:01:28.710 [info] > git merge-base refs/heads/master refs/remotes/origin/master [1ms]
2024-06-21 16:01:28.721 [info] > git rev-list --count --left-right refs/heads/master...refs/remotes/origin/master [4ms]
2024-06-21 16:01:28.731 [info] > git diff --name-status -z --diff-filter=ADMR 6c4c9f3908ba4cf60ca1120a2c282ddfa449c101...refs/remotes/origin/master [5ms]
2024-06-21 16:01:28.731 [info] > git merge-base refs/heads/master refs/remotes/origin/master [1ms]
2024-06-21 16:01:28.738 [info] > git rev-list --count --left-right refs/heads/master...refs/remotes/origin/master [2ms]
2024-06-21 16:01:29.719 [info] > git fetch [1031ms]
2024-06-21 16:01:29.727 [info] > git config --get commit.template [4ms]
2024-06-21 16:01:29.728 [info] > git for-each-ref --format=%(refname)%00%(upstream:short)%00%(objectname)%00%(upstream:track)%00%(upstream:remotename)%00%(upstream:remoteref) refs/heads/master refs/remotes/master [1ms]
2024-06-21 16:01:29.734 [info] > git status -z -uall [2ms]
