2024-06-14 05:41:08.560 [info] Reading sessions from keychain...
2024-06-14 05:41:08.560 [info] Getting sessions for all scopes...
2024-06-14 05:41:08.560 [info] Getting sessions for all scopes...
2024-06-14 05:41:08.560 [info] Getting sessions for user:email...
2024-06-14 05:41:08.742 [info] Got 0 sessions for ...
2024-06-14 05:41:08.742 [info] Got 0 sessions for ...
2024-06-14 05:41:08.742 [info] Got 0 sessions for user:email...
2024-06-14 05:41:25.680 [info] Getting sessions for read:user,repo,user:email,workflow...
2024-06-14 05:41:25.680 [info] Got 0 sessions for read:user,repo,user:email,workflow...
2024-06-14 05:41:27.085 [info] Logging in for the following scopes: read:user repo user:email workflow
2024-06-14 05:41:27.091 [info] Trying without local server... (read:user repo user:email workflow)
2024-06-14 05:41:30.782 [info] Exchanging code for token...
2024-06-14 05:41:31.334 [info] Token exchange success!
2024-06-14 05:41:31.336 [info] Getting user info...
2024-06-14 05:41:31.883 [info] Got account info!
2024-06-14 05:41:31.884 [info] Storing 1 sessions...
2024-06-14 05:41:31.888 [info] Reading sessions from keychain...
2024-06-14 05:41:31.888 [info] Stored 1 sessions!
2024-06-14 05:41:31.888 [info] Login success!
2024-06-14 05:41:31.894 [info] Got stored sessions!
2024-06-14 05:41:31.894 [info] Got 1 verified sessions.
2024-06-14 05:41:31.900 [info] Getting sessions for user:email...
2024-06-14 05:41:31.900 [info] Got 0 sessions for user:email...
2024-06-14 05:41:31.901 [info] Getting sessions for user:email...
2024-06-14 05:41:31.901 [info] Got 0 sessions for user:email...
