2024-06-14 05:41:08.309 [info] Log level: Info
2024-06-14 05:41:08.309 [info] Validating found git in: "git"
2024-06-14 05:41:08.309 [info] Using git "2.43.0" from "git"
2024-06-14 05:41:08.309 [info] > git rev-parse --show-toplevel [154ms]
2024-06-14 05:41:08.310 [info] > git rev-parse --git-dir --git-common-dir [1ms]
2024-06-14 05:41:08.321 [info] Open repository: /home/max/obsidian/obsidian
2024-06-14 05:41:08.419 [info] > git rev-parse --show-toplevel [53ms]
2024-06-14 05:41:08.419 [info] > git config --get commit.template [57ms]
2024-06-14 05:41:08.420 [info] > git fetch [99ms]
2024-06-14 05:41:08.507 [info] No remotes found in the git config file.
2024-06-14 05:41:08.508 [info] > git config --get commit.template [40ms]
2024-06-14 05:41:08.508 [info] > git rev-parse --show-toplevel [48ms]
2024-06-14 05:41:08.529 [info] > git for-each-ref --format=%(refname)%00%(upstream:short)%00%(objectname)%00%(upstream:track)%00%(upstream:remotename)%00%(upstream:remoteref) refs/heads/master refs/remotes/master [23ms]
2024-06-14 05:41:08.529 [warning] No such branch: master.
2024-06-14 05:41:08.536 [info] No remotes found in the git config file.
2024-06-14 05:41:08.543 [info] > git for-each-ref --format=%(refname)%00%(upstream:short)%00%(objectname)%00%(upstream:track)%00%(upstream:remotename)%00%(upstream:remoteref) refs/heads/master refs/remotes/master [7ms]
2024-06-14 05:41:08.543 [warning] No such branch: master.
2024-06-14 05:41:08.554 [info] > git config --get commit.template [13ms]
2024-06-14 05:41:08.558 [info] No remotes found in the git config file.
2024-06-14 05:41:08.560 [info] > git for-each-ref --format=%(refname)%00%(upstream:short)%00%(objectname)%00%(upstream:track)%00%(upstream:remotename)%00%(upstream:remoteref) refs/heads/master refs/remotes/master [2ms]
2024-06-14 05:41:08.560 [warning] No such branch: master.
2024-06-14 05:41:08.565 [info] > git status -z -uall [1ms]
2024-06-14 05:41:08.964 [info] > git check-ignore -v -z --stdin [1ms]
2024-06-14 05:41:10.594 [info] > git check-ignore -v -z --stdin [2ms]
2024-06-14 05:41:12.430 [info] > git check-ignore -v -z --stdin [1ms]
2024-06-14 05:41:15.077 [info] > git add -A -- . [188ms]
2024-06-14 05:41:15.077 [info] warning: in the working copy of '.obsidian/plugins/image-converter/manifest.json', CRLF will be replaced by LF the next time Git touches it
warning: in the working copy of '.obsidian/plugins/obsidian-icon-folder/main.js', CRLF will be replaced by LF the next time Git touches it
warning: in the working copy of '.obsidian/plugins/obsidian-rich-links/main.js', CRLF will be replaced by LF the next time Git touches it
warning: in the working copy of '.obsidian/plugins/obsidian-rich-links/manifest.json', CRLF will be replaced by LF the next time Git touches it
warning: in the working copy of '.obsidian/plugins/obsidian-rich-links/styles.css', CRLF will be replaced by LF the next time Git touches it
warning: in the working copy of '.obsidian/plugins/quick-latex/main.js', CRLF will be replaced by LF the next time Git touches it
warning: in the working copy of '.obsidian/plugins/quick-latex/manifest.json', CRLF will be replaced by LF the next time Git touches it
warning: in the working copy of '.obsidian/plugins/quick-latex/styles.css', CRLF will be replaced by LF the next time Git touches it
2024-06-14 05:41:15.585 [info] > git show --textconv :.git/COMMIT_EDITMSG [4ms]
2024-06-14 05:41:15.586 [info] > git ls-files --stage -- /home/max/obsidian/obsidian/.git/COMMIT_EDITMSG [1ms]
2024-06-14 05:41:16.019 [info] > git check-ignore -v -z --stdin [1ms]
2024-06-14 05:41:16.627 [info] > git ls-files --stage -- /home/max/obsidian/obsidian/.git/COMMIT_EDITMSG [1ms]
2024-06-14 05:41:16.633 [info] > git show --textconv :.git/COMMIT_EDITMSG [1ms]
2024-06-14 05:41:17.920 [info] > git -c user.useConfigOnly=true commit --quiet [2837ms]
2024-06-14 05:41:17.920 [info] Aborting commit due to empty commit message.
2024-06-14 05:41:17.928 [info] No remotes found in the git config file.
2024-06-14 05:41:17.928 [info] > git config --get commit.template [4ms]
2024-06-14 05:41:17.929 [info] > git for-each-ref --format=%(refname)%00%(upstream:short)%00%(objectname)%00%(upstream:track)%00%(upstream:remotename)%00%(upstream:remoteref) refs/heads/master refs/remotes/master [1ms]
2024-06-14 05:41:17.929 [warning] No such branch: master.
2024-06-14 05:41:17.935 [info] > git status -z -uall [2ms]
2024-06-14 05:41:47.695 [info] > git remote add obsidian https://github.com/A-freedom/obsidian.git [11ms]
2024-06-14 05:41:47.704 [info] > git config --get commit.template [4ms]
2024-06-14 05:41:47.705 [info] > git for-each-ref --format=%(refname)%00%(upstream:short)%00%(objectname)%00%(upstream:track)%00%(upstream:remotename)%00%(upstream:remoteref) refs/heads/master refs/remotes/master [1ms]
2024-06-14 05:41:47.705 [warning] No such branch: master.
2024-06-14 05:41:47.710 [info] > git status -z -uall [2ms]
2024-06-14 05:41:54.379 [info] > git fetch obsidian [6664ms]
2024-06-14 05:41:54.379 [info] From https://github.com/A-freedom/obsidian
 * [new branch]      master     -> obsidian/master
2024-06-14 05:41:54.389 [info] > git config --get commit.template [5ms]
2024-06-14 05:41:54.390 [info] > git for-each-ref --format=%(refname)%00%(upstream:short)%00%(objectname)%00%(upstream:track)%00%(upstream:remotename)%00%(upstream:remoteref) refs/heads/master refs/remotes/master [1ms]
2024-06-14 05:41:54.390 [warning] No such branch: master.
2024-06-14 05:41:54.395 [info] > git status -z -uall [1ms]
2024-06-14 05:41:57.469 [info] > git show --textconv :.git/COMMIT_EDITMSG [7ms]
2024-06-14 05:41:57.469 [info] > git ls-files --stage -- /home/max/obsidian/obsidian/.git/COMMIT_EDITMSG [0ms]
2024-06-14 05:42:10.022 [info] > git -c user.useConfigOnly=true commit --quiet [12943ms]
2024-06-14 05:42:10.031 [info] > git config --get commit.template [1ms]
2024-06-14 05:42:10.042 [info] > git for-each-ref --format=%(refname)%00%(upstream:short)%00%(objectname)%00%(upstream:track)%00%(upstream:remotename)%00%(upstream:remoteref) refs/heads/master refs/remotes/master [2ms]
2024-06-14 05:42:10.048 [info] > git status -z -uall [2ms]
2024-06-14 05:42:10.064 [info] > git config --get commit.template [1ms]
2024-06-14 05:42:10.065 [info] > git for-each-ref --format=%(refname)%00%(upstream:short)%00%(objectname)%00%(upstream:track)%00%(upstream:remotename)%00%(upstream:remoteref) refs/heads/master [8ms]
2024-06-14 05:42:10.080 [info] > git for-each-ref --format=%(refname)%00%(upstream:short)%00%(objectname)%00%(upstream:track)%00%(upstream:remotename)%00%(upstream:remoteref) refs/heads/master [7ms]
2024-06-14 05:42:10.084 [info] > git for-each-ref --format=%(refname)%00%(upstream:short)%00%(objectname)%00%(upstream:track)%00%(upstream:remotename)%00%(upstream:remoteref) refs/heads/master refs/remotes/master [5ms]
2024-06-14 05:42:10.089 [info] > git config --local branch.master.vscode-merge-base [5ms]
2024-06-14 05:42:10.089 [warning] git config failed: Failed to execute git
2024-06-14 05:42:10.093 [info] > git status -z -uall [5ms]
2024-06-14 05:42:10.094 [info] > git reflog refs/heads/master --grep-reflog=branch: Created from *. [1ms]
2024-06-14 05:42:10.099 [info] > git symbolic-ref --short refs/remotes/origin/HEAD [1ms]
2024-06-14 05:42:10.099 [info] fatal: ref refs/remotes/origin/HEAD is not a symbolic ref
2024-06-14 05:42:10.099 [info] GitHistoryProvider:resolveHistoryItemGroupBase - Failed to resolve history item group base for 'refs/heads/master'
2024-06-14 05:42:10.099 [info] GitHistoryProvider:resolveHistoryItemGroupCommonAncestor - Failed to resolve history item group base for 'refs/heads/master'
2024-06-14 05:42:10.125 [info] > git for-each-ref --format=%(refname)%00%(upstream:short)%00%(objectname)%00%(upstream:track)%00%(upstream:remotename)%00%(upstream:remoteref) refs/heads/master [2ms]
2024-06-14 05:42:10.134 [info] > git for-each-ref --format=%(refname)%00%(upstream:short)%00%(objectname)%00%(upstream:track)%00%(upstream:remotename)%00%(upstream:remoteref) refs/heads/master [2ms]
2024-06-14 05:42:10.141 [info] > git config --local branch.master.vscode-merge-base [1ms]
2024-06-14 05:42:10.141 [warning] git config failed: Failed to execute git
2024-06-14 05:42:10.148 [info] > git reflog refs/heads/master --grep-reflog=branch: Created from *. [1ms]
2024-06-14 05:42:10.153 [info] > git symbolic-ref --short refs/remotes/origin/HEAD [1ms]
2024-06-14 05:42:10.153 [info] fatal: ref refs/remotes/origin/HEAD is not a symbolic ref
2024-06-14 05:42:10.153 [info] GitHistoryProvider:resolveHistoryItemGroupBase - Failed to resolve history item group base for 'refs/heads/master'
2024-06-14 05:42:10.153 [info] GitHistoryProvider:resolveHistoryItemGroupCommonAncestor - Failed to resolve history item group base for 'refs/heads/master'
2024-06-14 05:42:10.195 [info] > git for-each-ref --format=%(refname)%00%(upstream:short)%00%(objectname)%00%(upstream:track)%00%(upstream:remotename)%00%(upstream:remoteref) refs/heads/master [2ms]
2024-06-14 05:42:10.200 [info] > git for-each-ref --format=%(refname)%00%(upstream:short)%00%(objectname)%00%(upstream:track)%00%(upstream:remotename)%00%(upstream:remoteref) refs/heads/master [1ms]
2024-06-14 05:42:10.205 [info] > git config --local branch.master.vscode-merge-base [1ms]
2024-06-14 05:42:10.205 [warning] git config failed: Failed to execute git
2024-06-14 05:42:10.209 [info] > git reflog refs/heads/master --grep-reflog=branch: Created from *. [1ms]
2024-06-14 05:42:10.213 [info] > git symbolic-ref --short refs/remotes/origin/HEAD [1ms]
2024-06-14 05:42:10.213 [info] fatal: ref refs/remotes/origin/HEAD is not a symbolic ref
2024-06-14 05:42:10.213 [info] GitHistoryProvider:resolveHistoryItemGroupBase - Failed to resolve history item group base for 'refs/heads/master'
2024-06-14 05:42:10.213 [info] GitHistoryProvider:resolveHistoryItemGroupCommonAncestor - Failed to resolve history item group base for 'refs/heads/master'
2024-06-14 05:42:10.228 [info] > git for-each-ref --format=%(refname)%00%(upstream:short)%00%(objectname)%00%(upstream:track)%00%(upstream:remotename)%00%(upstream:remoteref) refs/heads/master [1ms]
2024-06-14 05:42:10.234 [info] > git for-each-ref --format=%(refname)%00%(upstream:short)%00%(objectname)%00%(upstream:track)%00%(upstream:remotename)%00%(upstream:remoteref) refs/heads/master [1ms]
2024-06-14 05:42:10.239 [info] > git config --local branch.master.vscode-merge-base [1ms]
2024-06-14 05:42:10.239 [warning] git config failed: Failed to execute git
2024-06-14 05:42:10.244 [info] > git reflog refs/heads/master --grep-reflog=branch: Created from *. [1ms]
2024-06-14 05:42:10.248 [info] > git symbolic-ref --short refs/remotes/origin/HEAD [1ms]
2024-06-14 05:42:10.248 [info] fatal: ref refs/remotes/origin/HEAD is not a symbolic ref
2024-06-14 05:42:10.249 [info] GitHistoryProvider:resolveHistoryItemGroupBase - Failed to resolve history item group base for 'refs/heads/master'
2024-06-14 05:42:10.249 [info] GitHistoryProvider:resolveHistoryItemGroupCommonAncestor - Failed to resolve history item group base for 'refs/heads/master'
2024-06-14 05:42:11.851 [info] > git for-each-ref --format=%(refname)%00%(upstream:short)%00%(objectname)%00%(upstream:track)%00%(upstream:remotename)%00%(upstream:remoteref) refs/heads/master [2ms]
2024-06-14 05:42:11.856 [info] > git for-each-ref --format=%(refname)%00%(upstream:short)%00%(objectname)%00%(upstream:track)%00%(upstream:remotename)%00%(upstream:remoteref) refs/heads/master [2ms]
2024-06-14 05:42:11.860 [info] > git config --local branch.master.vscode-merge-base [0ms]
2024-06-14 05:42:11.860 [warning] git config failed: Failed to execute git
2024-06-14 05:42:11.865 [info] > git reflog refs/heads/master --grep-reflog=branch: Created from *. [1ms]
2024-06-14 05:42:11.870 [info] > git symbolic-ref --short refs/remotes/origin/HEAD [1ms]
2024-06-14 05:42:11.870 [info] fatal: ref refs/remotes/origin/HEAD is not a symbolic ref
2024-06-14 05:42:11.870 [info] GitHistoryProvider:resolveHistoryItemGroupBase - Failed to resolve history item group base for 'refs/heads/master'
2024-06-14 05:42:11.870 [info] GitHistoryProvider:resolveHistoryItemGroupCommonAncestor - Failed to resolve history item group base for 'refs/heads/master'
2024-06-14 05:42:11.884 [info] > git for-each-ref --format=%(refname)%00%(upstream:short)%00%(objectname)%00%(upstream:track)%00%(upstream:remotename)%00%(upstream:remoteref) refs/heads/master [1ms]
2024-06-14 05:42:11.890 [info] > git for-each-ref --format=%(refname)%00%(upstream:short)%00%(objectname)%00%(upstream:track)%00%(upstream:remotename)%00%(upstream:remoteref) refs/heads/master [1ms]
2024-06-14 05:42:11.895 [info] > git config --local branch.master.vscode-merge-base [1ms]
2024-06-14 05:42:11.895 [warning] git config failed: Failed to execute git
2024-06-14 05:42:11.900 [info] > git reflog refs/heads/master --grep-reflog=branch: Created from *. [1ms]
2024-06-14 05:42:11.904 [info] > git symbolic-ref --short refs/remotes/origin/HEAD [1ms]
2024-06-14 05:42:11.904 [info] fatal: ref refs/remotes/origin/HEAD is not a symbolic ref
2024-06-14 05:42:11.904 [info] GitHistoryProvider:resolveHistoryItemGroupBase - Failed to resolve history item group base for 'refs/heads/master'
2024-06-14 05:42:11.904 [info] GitHistoryProvider:resolveHistoryItemGroupCommonAncestor - Failed to resolve history item group base for 'refs/heads/master'
2024-06-14 05:42:12.593 [info] > git push -u obsidian master [758ms]
2024-06-14 05:42:12.593 [info] To https://github.com/A-freedom/obsidian.git
 ! [rejected]        master -> master (non-fast-forward)
error: failed to push some refs to 'https://github.com/A-freedom/obsidian.git'
hint: Updates were rejected because the tip of your current branch is behind
hint: its remote counterpart. If you want to integrate the remote changes,
hint: use 'git pull' before pushing again.
hint: See the 'Note about fast-forwards' in 'git push --help' for details.
2024-06-14 05:42:12.603 [info] > git config --get commit.template [4ms]
2024-06-14 05:42:12.604 [info] > git for-each-ref --format=%(refname)%00%(upstream:short)%00%(objectname)%00%(upstream:track)%00%(upstream:remotename)%00%(upstream:remoteref) refs/heads/master refs/remotes/master [1ms]
2024-06-14 05:42:12.610 [info] > git status -z -uall [2ms]
2024-06-14 05:42:12.629 [info] > git for-each-ref --format=%(refname)%00%(upstream:short)%00%(objectname)%00%(upstream:track)%00%(upstream:remotename)%00%(upstream:remoteref) refs/heads/master [1ms]
2024-06-14 05:42:12.635 [info] > git for-each-ref --format=%(refname)%00%(upstream:short)%00%(objectname)%00%(upstream:track)%00%(upstream:remotename)%00%(upstream:remoteref) refs/heads/master [1ms]
2024-06-14 05:42:12.641 [info] > git config --local branch.master.vscode-merge-base [1ms]
2024-06-14 05:42:12.641 [warning] git config failed: Failed to execute git
2024-06-14 05:42:12.647 [info] > git reflog refs/heads/master --grep-reflog=branch: Created from *. [1ms]
2024-06-14 05:42:12.652 [info] > git symbolic-ref --short refs/remotes/origin/HEAD [1ms]
2024-06-14 05:42:12.652 [info] fatal: ref refs/remotes/origin/HEAD is not a symbolic ref
2024-06-14 05:42:12.652 [info] GitHistoryProvider:resolveHistoryItemGroupBase - Failed to resolve history item group base for 'refs/heads/master'
2024-06-14 05:42:12.652 [info] GitHistoryProvider:resolveHistoryItemGroupCommonAncestor - Failed to resolve history item group base for 'refs/heads/master'
2024-06-14 05:42:12.665 [info] > git for-each-ref --format=%(refname)%00%(upstream:short)%00%(objectname)%00%(upstream:track)%00%(upstream:remotename)%00%(upstream:remoteref) refs/heads/master [1ms]
2024-06-14 05:42:12.672 [info] > git for-each-ref --format=%(refname)%00%(upstream:short)%00%(objectname)%00%(upstream:track)%00%(upstream:remotename)%00%(upstream:remoteref) refs/heads/master [1ms]
2024-06-14 05:42:12.678 [info] > git config --local branch.master.vscode-merge-base [1ms]
2024-06-14 05:42:12.678 [warning] git config failed: Failed to execute git
2024-06-14 05:42:12.683 [info] > git reflog refs/heads/master --grep-reflog=branch: Created from *. [1ms]
2024-06-14 05:42:12.688 [info] > git symbolic-ref --short refs/remotes/origin/HEAD [1ms]
2024-06-14 05:42:12.688 [info] fatal: ref refs/remotes/origin/HEAD is not a symbolic ref
2024-06-14 05:42:12.689 [info] GitHistoryProvider:resolveHistoryItemGroupBase - Failed to resolve history item group base for 'refs/heads/master'
2024-06-14 05:42:12.689 [info] GitHistoryProvider:resolveHistoryItemGroupCommonAncestor - Failed to resolve history item group base for 'refs/heads/master'
2024-06-14 05:42:22.438 [info] > git config --get commit.template [4ms]
2024-06-14 05:42:22.439 [info] > git for-each-ref --format=%(refname)%00%(upstream:short)%00%(objectname)%00%(upstream:track)%00%(upstream:remotename)%00%(upstream:remoteref) refs/heads/master refs/remotes/master [1ms]
2024-06-14 05:42:22.445 [info] > git status -z -uall [2ms]
2024-06-14 05:53:02.046 [warning] ENOENT: no such file or directory, open '/home/max/obsidian/obsidian/.git/HEAD'
2024-06-14 05:53:02.053 [warning] getRemotes() - ENOENT: no such file or directory, open '/home/max/obsidian/obsidian/.git/config'
2024-06-14 05:53:02.060 [warning] ENOENT: no such file or directory, open '/home/max/obsidian/obsidian/.git/HEAD'
2024-06-14 05:53:02.067 [warning] getRemotes() - ENOENT: no such file or directory, open '/home/max/obsidian/obsidian/.git/config'
2024-06-14 05:53:02.076 [warning] ENOENT: no such file or directory, open '/home/max/obsidian/obsidian/.git/HEAD'
2024-06-14 05:53:02.084 [warning] getRemotes() - ENOENT: no such file or directory, open '/home/max/obsidian/obsidian/.git/config'
2024-06-14 05:53:02.091 [error] GitHistoryProvider:resolveHistoryItemGroupBase - Failed to get branch base for 'refs/heads/master': Repository not initialized
2024-06-14 05:53:02.091 [info] GitHistoryProvider:resolveHistoryItemGroupCommonAncestor - Failed to resolve history item group base for 'refs/heads/master'
2024-06-14 05:53:02.098 [error] GitHistoryProvider:resolveHistoryItemGroupBase - Failed to get branch base for 'refs/heads/master': Repository not initialized
2024-06-14 05:53:02.098 [info] GitHistoryProvider:resolveHistoryItemGroupCommonAncestor - Failed to resolve history item group base for 'refs/heads/master'
2024-06-14 05:53:02.100 [error] GitHistoryProvider:resolveHistoryItemGroupBase - Failed to get branch base for 'refs/heads/master': Repository not initialized
2024-06-14 05:53:02.100 [info] GitHistoryProvider:resolveHistoryItemGroupCommonAncestor - Failed to resolve history item group base for 'refs/heads/master'
2024-06-14 05:53:02.101 [error] GitHistoryProvider:resolveHistoryItemGroupBase - Failed to get branch base for 'refs/heads/master': Repository not initialized
2024-06-14 05:53:02.101 [info] GitHistoryProvider:resolveHistoryItemGroupCommonAncestor - Failed to resolve history item group base for 'refs/heads/master'
