2024-07-07 16:57:01.207 [info] Log level: Info
2024-07-07 16:57:01.207 [info] Validating found git in: "git"
2024-07-07 16:57:01.207 [info] Using git "2.43.0" from "git"
2024-07-07 16:57:04.027 [info] > git rev-parse --show-toplevel [2ms]
2024-07-07 16:57:18.342 [info] > git rev-parse --show-toplevel [1ms]
2024-07-07 16:57:18.349 [info] > git rev-parse --git-dir --git-common-dir [2ms]
2024-07-07 16:57:18.366 [info] Open repository: /home/max/dotfiles
2024-07-07 16:57:18.379 [info] > git config --get commit.template [4ms]
2024-07-07 16:57:18.386 [info] > git for-each-ref --format=%(refname)%00%(upstream:short)%00%(objectname)%00%(upstream:track)%00%(upstream:remotename)%00%(upstream:remoteref) refs/heads/main refs/remotes/main [1ms]
2024-07-07 16:57:18.392 [info] > git status -z -uall [1ms]
2024-07-07 16:57:18.403 [info] > git for-each-ref --format=%(refname)%00%(upstream:short)%00%(objectname)%00%(upstream:track)%00%(upstream:remotename)%00%(upstream:remoteref) refs/heads/main refs/remotes/main [6ms]
2024-07-07 16:57:18.408 [info] > git config --get commit.template [5ms]
2024-07-07 16:57:18.410 [info] > git config --local branch.main.vscode-merge-base [2ms]
2024-07-07 16:57:18.410 [warning] git config failed: Failed to execute git
2024-07-07 16:57:18.419 [info] > git reflog main --grep-reflog=branch: Created from *. [4ms]
2024-07-07 16:57:18.422 [info] > git for-each-ref --format=%(refname)%00%(upstream:short)%00%(objectname)%00%(upstream:track)%00%(upstream:remotename)%00%(upstream:remoteref) refs/heads/main refs/remotes/main [3ms]
2024-07-07 16:57:18.426 [info] > git symbolic-ref --short refs/remotes/origin/HEAD [4ms]
2024-07-07 16:57:18.429 [info] > git status -z -uall [3ms]
2024-07-07 16:57:18.434 [info] > git for-each-ref --format=%(refname)%00%(upstream:short)%00%(objectname)%00%(upstream:track)%00%(upstream:remotename)%00%(upstream:remoteref) refs/heads/origin/main refs/remotes/origin/main [4ms]
2024-07-07 16:57:18.438 [info] > git for-each-ref --format=%(refname)%00%(upstream:short)%00%(objectname)%00%(upstream:track)%00%(upstream:remotename)%00%(upstream:remoteref) refs/heads/main refs/remotes/main [5ms]
2024-07-07 16:57:18.441 [info] > git config --local branch.main.vscode-merge-base origin/main [4ms]
2024-07-07 16:57:18.446 [info] > git config --get commit.template [2ms]
2024-07-07 16:57:18.446 [info] > git config --local branch.main.vscode-merge-base [5ms]
2024-07-07 16:57:18.455 [info] > git for-each-ref --format=%(refname)%00%(upstream:short)%00%(objectname)%00%(upstream:track)%00%(upstream:remotename)%00%(upstream:remoteref) refs/heads/origin/main refs/remotes/origin/main [4ms]
2024-07-07 16:57:18.458 [info] > git for-each-ref --format=%(refname)%00%(upstream:short)%00%(objectname)%00%(upstream:track)%00%(upstream:remotename)%00%(upstream:remoteref) refs/heads/main refs/remotes/main [4ms]
2024-07-07 16:57:18.462 [info] > git merge-base refs/heads/main refs/remotes/origin/main [4ms]
2024-07-07 16:57:18.466 [info] > git status -z -uall [4ms]
2024-07-07 16:57:18.470 [info] > git rev-list --count --left-right refs/heads/main...refs/remotes/origin/main [5ms]
2024-07-07 16:57:18.474 [info] > git for-each-ref --format=%(refname)%00%(upstream:short)%00%(objectname)%00%(upstream:track)%00%(upstream:remotename)%00%(upstream:remoteref) refs/heads/main refs/remotes/main [5ms]
2024-07-07 16:57:18.477 [info] > git diff --name-status -z --diff-filter=ADMR 35baa0f8b18b03d09d3a19b4cd0f510f7e187c32...refs/remotes/origin/main [4ms]
2024-07-07 16:57:18.478 [info] > git config --local branch.main.vscode-merge-base [1ms]
2024-07-07 16:57:18.483 [info] > git for-each-ref --format=%(refname)%00%(upstream:short)%00%(objectname)%00%(upstream:track)%00%(upstream:remotename)%00%(upstream:remoteref) refs/heads/origin/main refs/remotes/origin/main [1ms]
2024-07-07 16:57:18.665 [info] > git show --textconv :readme.md [4ms]
2024-07-07 16:57:18.666 [info] > git ls-files --stage -- /home/max/dotfiles/readme.md [1ms]
2024-07-07 16:57:18.670 [info] > git cat-file -s 81f4a9d0b10b29bb437485dab4ff9bd30cbeba2a [1ms]
2024-07-07 16:57:18.882 [info] > git check-ignore -v -z --stdin [1ms]
2024-07-07 16:57:19.049 [info] > git fetch [683ms]
2024-07-07 16:57:19.057 [info] > git config --get commit.template [4ms]
2024-07-07 16:57:19.058 [info] > git for-each-ref --format=%(refname)%00%(upstream:short)%00%(objectname)%00%(upstream:track)%00%(upstream:remotename)%00%(upstream:remoteref) refs/heads/main refs/remotes/main [2ms]
2024-07-07 16:57:19.062 [info] > git status -z -uall [1ms]
2024-07-07 16:57:19.067 [info] > git for-each-ref --format=%(refname)%00%(upstream:short)%00%(objectname)%00%(upstream:track)%00%(upstream:remotename)%00%(upstream:remoteref) refs/heads/main refs/remotes/main [1ms]
2024-07-07 16:57:19.071 [info] > git config --local branch.main.vscode-merge-base [1ms]
2024-07-07 16:57:19.077 [info] > git for-each-ref --format=%(refname)%00%(upstream:short)%00%(objectname)%00%(upstream:track)%00%(upstream:remotename)%00%(upstream:remoteref) refs/heads/origin/main refs/remotes/origin/main [2ms]
2024-07-07 16:57:20.133 [info] > git config --get commit.template [4ms]
2024-07-07 16:57:20.133 [info] > git for-each-ref --format=%(refname)%00%(upstream:short)%00%(objectname)%00%(upstream:track)%00%(upstream:remotename)%00%(upstream:remoteref) refs/heads/main refs/remotes/main [1ms]
2024-07-07 16:57:20.138 [info] > git status -z -uall [2ms]
2024-07-07 16:57:20.143 [info] > git for-each-ref --format=%(refname)%00%(upstream:short)%00%(objectname)%00%(upstream:track)%00%(upstream:remotename)%00%(upstream:remoteref) refs/heads/main refs/remotes/main [1ms]
2024-07-07 16:57:20.147 [info] > git config --local branch.main.vscode-merge-base [1ms]
2024-07-07 16:57:20.152 [info] > git for-each-ref --format=%(refname)%00%(upstream:short)%00%(objectname)%00%(upstream:track)%00%(upstream:remotename)%00%(upstream:remoteref) refs/heads/origin/main refs/remotes/origin/main [1ms]
2024-07-07 16:57:20.230 [info] > git ls-files --stage -- /home/max/dotfiles/readme.md [1ms]
2024-07-07 16:57:20.236 [info] > git cat-file -s 81f4a9d0b10b29bb437485dab4ff9bd30cbeba2a [1ms]
2024-07-07 16:57:20.242 [info] > git show --textconv :readme.md [1ms]
2024-07-07 16:57:31.303 [info] > git config --get commit.template [4ms]
2024-07-07 16:57:31.304 [info] > git for-each-ref --format=%(refname)%00%(upstream:short)%00%(objectname)%00%(upstream:track)%00%(upstream:remotename)%00%(upstream:remoteref) refs/heads/main refs/remotes/main [2ms]
2024-07-07 16:57:31.310 [info] > git status -z -uall [2ms]
2024-07-07 16:57:31.317 [info] > git for-each-ref --format=%(refname)%00%(upstream:short)%00%(objectname)%00%(upstream:track)%00%(upstream:remotename)%00%(upstream:remoteref) refs/heads/main refs/remotes/main [2ms]
2024-07-07 16:57:31.323 [info] > git config --local branch.main.vscode-merge-base [2ms]
2024-07-07 16:57:31.329 [info] > git for-each-ref --format=%(refname)%00%(upstream:short)%00%(objectname)%00%(upstream:track)%00%(upstream:remotename)%00%(upstream:remoteref) refs/heads/origin/main refs/remotes/origin/main [1ms]
2024-07-07 16:57:36.330 [info] > git config --get commit.template [4ms]
2024-07-07 16:57:36.330 [info] > git for-each-ref --format=%(refname)%00%(upstream:short)%00%(objectname)%00%(upstream:track)%00%(upstream:remotename)%00%(upstream:remoteref) refs/heads/main refs/remotes/main [1ms]
2024-07-07 16:57:36.335 [info] > git status -z -uall [1ms]
2024-07-07 16:57:36.340 [info] > git for-each-ref --format=%(refname)%00%(upstream:short)%00%(objectname)%00%(upstream:track)%00%(upstream:remotename)%00%(upstream:remoteref) refs/heads/main refs/remotes/main [1ms]
2024-07-07 16:57:36.345 [info] > git config --local branch.main.vscode-merge-base [1ms]
2024-07-07 16:57:36.349 [info] > git for-each-ref --format=%(refname)%00%(upstream:short)%00%(objectname)%00%(upstream:track)%00%(upstream:remotename)%00%(upstream:remoteref) refs/heads/origin/main refs/remotes/origin/main [1ms]
2024-07-07 16:57:41.353 [info] > git config --get commit.template [5ms]
2024-07-07 16:57:41.354 [info] > git for-each-ref --format=%(refname)%00%(upstream:short)%00%(objectname)%00%(upstream:track)%00%(upstream:remotename)%00%(upstream:remoteref) refs/heads/main refs/remotes/main [2ms]
2024-07-07 16:57:41.359 [info] > git status -z -uall [2ms]
2024-07-07 16:57:41.365 [info] > git for-each-ref --format=%(refname)%00%(upstream:short)%00%(objectname)%00%(upstream:track)%00%(upstream:remotename)%00%(upstream:remoteref) refs/heads/main refs/remotes/main [2ms]
2024-07-07 16:57:41.369 [info] > git config --local branch.main.vscode-merge-base [1ms]
2024-07-07 16:57:41.374 [info] > git for-each-ref --format=%(refname)%00%(upstream:short)%00%(objectname)%00%(upstream:track)%00%(upstream:remotename)%00%(upstream:remoteref) refs/heads/origin/main refs/remotes/origin/main [1ms]
2024-07-07 16:57:46.373 [info] > git config --get commit.template [4ms]
2024-07-07 16:57:46.374 [info] > git for-each-ref --format=%(refname)%00%(upstream:short)%00%(objectname)%00%(upstream:track)%00%(upstream:remotename)%00%(upstream:remoteref) refs/heads/main refs/remotes/main [1ms]
2024-07-07 16:57:46.379 [info] > git status -z -uall [2ms]
2024-07-07 16:57:46.383 [info] > git for-each-ref --format=%(refname)%00%(upstream:short)%00%(objectname)%00%(upstream:track)%00%(upstream:remotename)%00%(upstream:remoteref) refs/heads/main refs/remotes/main [1ms]
2024-07-07 16:57:46.387 [info] > git config --local branch.main.vscode-merge-base [1ms]
2024-07-07 16:57:46.391 [info] > git for-each-ref --format=%(refname)%00%(upstream:short)%00%(objectname)%00%(upstream:track)%00%(upstream:remotename)%00%(upstream:remoteref) refs/heads/origin/main refs/remotes/origin/main [1ms]
2024-07-07 16:57:51.395 [info] > git config --get commit.template [6ms]
2024-07-07 16:57:51.395 [info] > git for-each-ref --format=%(refname)%00%(upstream:short)%00%(objectname)%00%(upstream:track)%00%(upstream:remotename)%00%(upstream:remoteref) refs/heads/main refs/remotes/main [1ms]
2024-07-07 16:57:51.401 [info] > git status -z -uall [2ms]
2024-07-07 16:57:51.406 [info] > git for-each-ref --format=%(refname)%00%(upstream:short)%00%(objectname)%00%(upstream:track)%00%(upstream:remotename)%00%(upstream:remoteref) refs/heads/main refs/remotes/main [1ms]
2024-07-07 16:57:51.411 [info] > git config --local branch.main.vscode-merge-base [1ms]
2024-07-07 16:57:51.415 [info] > git for-each-ref --format=%(refname)%00%(upstream:short)%00%(objectname)%00%(upstream:track)%00%(upstream:remotename)%00%(upstream:remoteref) refs/heads/origin/main refs/remotes/origin/main [1ms]
2024-07-07 16:57:57.713 [info] > git config --get commit.template [4ms]
2024-07-07 16:57:57.714 [info] > git for-each-ref --format=%(refname)%00%(upstream:short)%00%(objectname)%00%(upstream:track)%00%(upstream:remotename)%00%(upstream:remoteref) refs/heads/main refs/remotes/main [2ms]
2024-07-07 16:57:57.718 [info] > git status -z -uall [1ms]
2024-07-07 16:57:57.723 [info] > git for-each-ref --format=%(refname)%00%(upstream:short)%00%(objectname)%00%(upstream:track)%00%(upstream:remotename)%00%(upstream:remoteref) refs/heads/main refs/remotes/main [1ms]
2024-07-07 16:57:57.727 [info] > git config --local branch.main.vscode-merge-base [1ms]
2024-07-07 16:57:57.732 [info] > git for-each-ref --format=%(refname)%00%(upstream:short)%00%(objectname)%00%(upstream:track)%00%(upstream:remotename)%00%(upstream:remoteref) refs/heads/origin/main refs/remotes/origin/main [1ms]
2024-07-07 16:58:02.732 [info] > git config --get commit.template [4ms]
2024-07-07 16:58:02.733 [info] > git for-each-ref --format=%(refname)%00%(upstream:short)%00%(objectname)%00%(upstream:track)%00%(upstream:remotename)%00%(upstream:remoteref) refs/heads/main refs/remotes/main [1ms]
2024-07-07 16:58:02.737 [info] > git status -z -uall [1ms]
2024-07-07 16:58:02.742 [info] > git for-each-ref --format=%(refname)%00%(upstream:short)%00%(objectname)%00%(upstream:track)%00%(upstream:remotename)%00%(upstream:remoteref) refs/heads/main refs/remotes/main [1ms]
2024-07-07 16:58:02.747 [info] > git config --local branch.main.vscode-merge-base [1ms]
2024-07-07 16:58:02.752 [info] > git for-each-ref --format=%(refname)%00%(upstream:short)%00%(objectname)%00%(upstream:track)%00%(upstream:remotename)%00%(upstream:remoteref) refs/heads/origin/main refs/remotes/origin/main [1ms]
2024-07-07 16:58:07.752 [info] > git config --get commit.template [4ms]
2024-07-07 16:58:07.753 [info] > git for-each-ref --format=%(refname)%00%(upstream:short)%00%(objectname)%00%(upstream:track)%00%(upstream:remotename)%00%(upstream:remoteref) refs/heads/main refs/remotes/main [1ms]
2024-07-07 16:58:07.758 [info] > git status -z -uall [2ms]
2024-07-07 16:58:07.763 [info] > git for-each-ref --format=%(refname)%00%(upstream:short)%00%(objectname)%00%(upstream:track)%00%(upstream:remotename)%00%(upstream:remoteref) refs/heads/main refs/remotes/main [1ms]
2024-07-07 16:58:07.768 [info] > git config --local branch.main.vscode-merge-base [1ms]
2024-07-07 16:58:07.772 [info] > git for-each-ref --format=%(refname)%00%(upstream:short)%00%(objectname)%00%(upstream:track)%00%(upstream:remotename)%00%(upstream:remoteref) refs/heads/origin/main refs/remotes/origin/main [1ms]
2024-07-07 16:58:12.999 [info] > git config --get commit.template [5ms]
2024-07-07 16:58:13.000 [info] > git for-each-ref --format=%(refname)%00%(upstream:short)%00%(objectname)%00%(upstream:track)%00%(upstream:remotename)%00%(upstream:remoteref) refs/heads/main refs/remotes/main [2ms]
2024-07-07 16:58:13.005 [info] > git status -z -uall [1ms]
2024-07-07 16:58:13.011 [info] > git for-each-ref --format=%(refname)%00%(upstream:short)%00%(objectname)%00%(upstream:track)%00%(upstream:remotename)%00%(upstream:remoteref) refs/heads/main refs/remotes/main [2ms]
2024-07-07 16:58:13.015 [info] > git config --local branch.main.vscode-merge-base [1ms]
2024-07-07 16:58:13.020 [info] > git for-each-ref --format=%(refname)%00%(upstream:short)%00%(objectname)%00%(upstream:track)%00%(upstream:remotename)%00%(upstream:remoteref) refs/heads/origin/main refs/remotes/origin/main [1ms]
2024-07-07 16:58:18.018 [info] > git config --get commit.template [4ms]
2024-07-07 16:58:18.019 [info] > git for-each-ref --format=%(refname)%00%(upstream:short)%00%(objectname)%00%(upstream:track)%00%(upstream:remotename)%00%(upstream:remoteref) refs/heads/main refs/remotes/main [2ms]
2024-07-07 16:58:18.024 [info] > git status -z -uall [2ms]
2024-07-07 16:58:18.030 [info] > git for-each-ref --format=%(refname)%00%(upstream:short)%00%(objectname)%00%(upstream:track)%00%(upstream:remotename)%00%(upstream:remoteref) refs/heads/main refs/remotes/main [2ms]
2024-07-07 16:58:18.034 [info] > git config --local branch.main.vscode-merge-base [1ms]
2024-07-07 16:58:18.038 [info] > git for-each-ref --format=%(refname)%00%(upstream:short)%00%(objectname)%00%(upstream:track)%00%(upstream:remotename)%00%(upstream:remoteref) refs/heads/origin/main refs/remotes/origin/main [1ms]
2024-07-07 16:58:24.811 [info] > git config --get commit.template [5ms]
2024-07-07 16:58:24.812 [info] > git for-each-ref --format=%(refname)%00%(upstream:short)%00%(objectname)%00%(upstream:track)%00%(upstream:remotename)%00%(upstream:remoteref) refs/heads/main refs/remotes/main [2ms]
2024-07-07 16:58:24.818 [info] > git status -z -uall [2ms]
2024-07-07 16:58:24.823 [info] > git for-each-ref --format=%(refname)%00%(upstream:short)%00%(objectname)%00%(upstream:track)%00%(upstream:remotename)%00%(upstream:remoteref) refs/heads/main refs/remotes/main [1ms]
2024-07-07 16:58:24.829 [info] > git config --local branch.main.vscode-merge-base [2ms]
2024-07-07 16:58:24.835 [info] > git for-each-ref --format=%(refname)%00%(upstream:short)%00%(objectname)%00%(upstream:track)%00%(upstream:remotename)%00%(upstream:remoteref) refs/heads/origin/main refs/remotes/origin/main [1ms]
2024-07-07 16:58:28.488 [info] > git merge-base refs/heads/main refs/remotes/origin/main [2ms]
2024-07-07 16:58:28.494 [info] > git rev-list --count --left-right refs/heads/main...refs/remotes/origin/main [2ms]
2024-07-07 16:58:29.834 [info] > git config --get commit.template [5ms]
2024-07-07 16:58:29.834 [info] > git for-each-ref --format=%(refname)%00%(upstream:short)%00%(objectname)%00%(upstream:track)%00%(upstream:remotename)%00%(upstream:remoteref) refs/heads/main refs/remotes/main [2ms]
2024-07-07 16:58:29.839 [info] > git status -z -uall [2ms]
2024-07-07 16:58:29.845 [info] > git for-each-ref --format=%(refname)%00%(upstream:short)%00%(objectname)%00%(upstream:track)%00%(upstream:remotename)%00%(upstream:remoteref) refs/heads/main refs/remotes/main [1ms]
2024-07-07 16:58:29.849 [info] > git config --local branch.main.vscode-merge-base [1ms]
2024-07-07 16:58:29.853 [info] > git for-each-ref --format=%(refname)%00%(upstream:short)%00%(objectname)%00%(upstream:track)%00%(upstream:remotename)%00%(upstream:remoteref) refs/heads/origin/main refs/remotes/origin/main [1ms]
2024-07-07 16:58:42.951 [info] > git add -A -- . [2ms]
2024-07-07 16:58:42.961 [info] > git -c user.useConfigOnly=true commit --quiet --allow-empty-message --file - [6ms]
2024-07-07 16:58:42.966 [info] > git config --get commit.template [1ms]
2024-07-07 16:58:42.978 [info] > git config --get commit.template [7ms]
2024-07-07 16:58:42.979 [info] > git for-each-ref --format=%(refname)%00%(upstream:short)%00%(objectname)%00%(upstream:track)%00%(upstream:remotename)%00%(upstream:remoteref) refs/heads/main refs/remotes/main [1ms]
2024-07-07 16:58:42.985 [info] > git status -z -uall [2ms]
2024-07-07 16:58:42.993 [info] > git for-each-ref --format=%(refname)%00%(upstream:short)%00%(objectname)%00%(upstream:track)%00%(upstream:remotename)%00%(upstream:remoteref) refs/heads/main refs/remotes/main [4ms]
2024-07-07 16:58:42.998 [info] > git config --local branch.main.vscode-merge-base [1ms]
2024-07-07 16:58:43.003 [info] > git for-each-ref --format=%(refname)%00%(upstream:short)%00%(objectname)%00%(upstream:track)%00%(upstream:remotename)%00%(upstream:remoteref) refs/heads/origin/main refs/remotes/origin/main [1ms]
2024-07-07 16:58:43.011 [info] > git merge-base refs/heads/main refs/remotes/origin/main [2ms]
2024-07-07 16:58:43.018 [info] > git rev-list --count --left-right refs/heads/main...refs/remotes/origin/main [2ms]
2024-07-07 16:58:43.024 [info] > git diff --name-status -z --diff-filter=ADMR 35baa0f8b18b03d09d3a19b4cd0f510f7e187c32...refs/remotes/origin/main [1ms]
2024-07-07 16:58:43.036 [info] > git config --get commit.template [4ms]
2024-07-07 16:58:43.040 [info] > git merge-base refs/heads/main refs/remotes/origin/main [4ms]
2024-07-07 16:58:43.046 [info] > git for-each-ref --format=%(refname)%00%(upstream:short)%00%(objectname)%00%(upstream:track)%00%(upstream:remotename)%00%(upstream:remoteref) refs/heads/main refs/remotes/main [6ms]
2024-07-07 16:58:43.050 [info] > git rev-list --count --left-right refs/heads/main...refs/remotes/origin/main [5ms]
2024-07-07 16:58:43.051 [info] > git status -z -uall [1ms]
2024-07-07 16:58:43.056 [info] > git for-each-ref --format=%(refname)%00%(upstream:short)%00%(objectname)%00%(upstream:track)%00%(upstream:remotename)%00%(upstream:remoteref) refs/heads/main refs/remotes/main [1ms]
2024-07-07 16:58:43.061 [info] > git config --local branch.main.vscode-merge-base [1ms]
2024-07-07 16:58:43.067 [info] > git for-each-ref --format=%(refname)%00%(upstream:short)%00%(objectname)%00%(upstream:track)%00%(upstream:remotename)%00%(upstream:remoteref) refs/heads/origin/main refs/remotes/origin/main [2ms]
2024-07-07 16:58:44.103 [info] > git log --oneline --cherry main...main@{upstream} -- [2ms]
2024-07-07 16:58:44.779 [info] > git pull --tags origin main [672ms]
2024-07-07 16:58:44.779 [info] From https://github.com/A-freedom/dotfiles
 * branch            main       -> FETCH_HEAD
2024-07-07 16:58:46.062 [info] > git ls-files --stage -- /home/max/dotfiles/readme.md [1ms]
2024-07-07 16:58:46.067 [info] > git cat-file -s 38ae98c734e4887533364467566b7c360f7f7894 [1ms]
2024-07-07 16:58:46.074 [info] > git show --textconv :readme.md [2ms]
2024-07-07 16:58:46.185 [info] > git push origin main:main [1402ms]
2024-07-07 16:58:46.185 [info] To https://github.com/A-freedom/dotfiles.git
   35baa0f..c3c5f01  main -> main
2024-07-07 16:58:46.194 [info] > git config --get commit.template [5ms]
2024-07-07 16:58:46.194 [info] > git for-each-ref --format=%(refname)%00%(upstream:short)%00%(objectname)%00%(upstream:track)%00%(upstream:remotename)%00%(upstream:remoteref) refs/heads/main refs/remotes/main [1ms]
2024-07-07 16:58:46.199 [info] > git status -z -uall [1ms]
2024-07-07 16:58:46.211 [info] > git for-each-ref --format=%(refname)%00%(upstream:short)%00%(objectname)%00%(upstream:track)%00%(upstream:remotename)%00%(upstream:remoteref) refs/heads/main refs/remotes/main [8ms]
2024-07-07 16:58:46.216 [info] > git config --get commit.template [6ms]
2024-07-07 16:58:46.221 [info] > git config --local branch.main.vscode-merge-base [5ms]
2024-07-07 16:58:46.225 [info] > git for-each-ref --format=%(refname)%00%(upstream:short)%00%(objectname)%00%(upstream:track)%00%(upstream:remotename)%00%(upstream:remoteref) refs/heads/main refs/remotes/main [5ms]
2024-07-07 16:58:46.229 [info] > git for-each-ref --format=%(refname)%00%(upstream:short)%00%(objectname)%00%(upstream:track)%00%(upstream:remotename)%00%(upstream:remoteref) refs/heads/origin/main refs/remotes/origin/main [4ms]
2024-07-07 16:58:46.233 [info] > git status -z -uall [5ms]
2024-07-07 16:58:46.241 [info] > git for-each-ref --format=%(refname)%00%(upstream:short)%00%(objectname)%00%(upstream:track)%00%(upstream:remotename)%00%(upstream:remoteref) refs/heads/main refs/remotes/main [5ms]
2024-07-07 16:58:46.246 [info] > git merge-base refs/heads/main refs/remotes/origin/main [14ms]
2024-07-07 16:58:46.251 [info] > git config --local branch.main.vscode-merge-base [5ms]
2024-07-07 16:58:46.254 [info] > git merge-base refs/heads/main refs/remotes/origin/main [14ms]
2024-07-07 16:58:46.258 [info] > git for-each-ref --format=%(refname)%00%(upstream:short)%00%(objectname)%00%(upstream:track)%00%(upstream:remotename)%00%(upstream:remoteref) refs/heads/origin/main refs/remotes/origin/main [4ms]
2024-07-07 16:58:46.258 [info] > git rev-list --count --left-right refs/heads/main...refs/remotes/origin/main [8ms]
2024-07-07 16:58:46.262 [info] > git rev-list --count --left-right refs/heads/main...refs/remotes/origin/main [5ms]
2024-07-07 16:58:46.262 [info] > git diff --name-status -z --diff-filter=ADMR c3c5f01c654c068ade3d20503ae40550f70d5fa3...refs/remotes/origin/main [1ms]
2024-07-07 16:58:48.833 [info] > git ls-files --stage -- /home/max/dotfiles/readme.md [1ms]
2024-07-07 16:58:48.838 [info] > git cat-file -s 38ae98c734e4887533364467566b7c360f7f7894 [1ms]
2024-07-07 16:58:48.844 [info] > git show --textconv :readme.md [1ms]
2024-07-07 17:00:41.096 [info] > git config --get commit.template [4ms]
2024-07-07 17:00:41.097 [info] > git for-each-ref --format=%(refname)%00%(upstream:short)%00%(objectname)%00%(upstream:track)%00%(upstream:remotename)%00%(upstream:remoteref) refs/heads/main refs/remotes/main [1ms]
2024-07-07 17:00:41.102 [info] > git status -z -uall [1ms]
2024-07-07 17:00:41.108 [info] > git for-each-ref --format=%(refname)%00%(upstream:short)%00%(objectname)%00%(upstream:track)%00%(upstream:remotename)%00%(upstream:remoteref) refs/heads/main refs/remotes/main [2ms]
2024-07-07 17:00:41.114 [info] > git config --local branch.main.vscode-merge-base [2ms]
2024-07-07 17:00:41.120 [info] > git for-each-ref --format=%(refname)%00%(upstream:short)%00%(objectname)%00%(upstream:track)%00%(upstream:remotename)%00%(upstream:remoteref) refs/heads/origin/main refs/remotes/origin/main [1ms]
2024-07-07 17:00:41.734 [info] > git fetch [647ms]
2024-07-07 17:00:41.744 [info] > git config --get commit.template [5ms]
2024-07-07 17:00:41.745 [info] > git for-each-ref --format=%(refname)%00%(upstream:short)%00%(objectname)%00%(upstream:track)%00%(upstream:remotename)%00%(upstream:remoteref) refs/heads/main refs/remotes/main [1ms]
2024-07-07 17:00:41.750 [info] > git status -z -uall [1ms]
2024-07-07 17:00:41.755 [info] > git for-each-ref --format=%(refname)%00%(upstream:short)%00%(objectname)%00%(upstream:track)%00%(upstream:remotename)%00%(upstream:remoteref) refs/heads/main refs/remotes/main [1ms]
2024-07-07 17:00:41.759 [info] > git config --local branch.main.vscode-merge-base [0ms]
2024-07-07 17:00:41.764 [info] > git for-each-ref --format=%(refname)%00%(upstream:short)%00%(objectname)%00%(upstream:track)%00%(upstream:remotename)%00%(upstream:remoteref) refs/heads/origin/main refs/remotes/origin/main [1ms]
2024-07-07 17:00:42.912 [info] > git ls-files --stage -- /home/max/dotfiles/readme.md [1ms]
2024-07-07 17:00:42.917 [info] > git cat-file -s 38ae98c734e4887533364467566b7c360f7f7894 [1ms]
2024-07-07 17:00:42.923 [info] > git show --textconv :readme.md [1ms]
2024-07-07 17:00:46.119 [info] > git config --get commit.template [5ms]
2024-07-07 17:00:46.120 [info] > git for-each-ref --format=%(refname)%00%(upstream:short)%00%(objectname)%00%(upstream:track)%00%(upstream:remotename)%00%(upstream:remoteref) refs/heads/main refs/remotes/main [2ms]
2024-07-07 17:00:46.125 [info] > git status -z -uall [2ms]
2024-07-07 17:00:46.130 [info] > git for-each-ref --format=%(refname)%00%(upstream:short)%00%(objectname)%00%(upstream:track)%00%(upstream:remotename)%00%(upstream:remoteref) refs/heads/main refs/remotes/main [2ms]
2024-07-07 17:00:46.135 [info] > git config --local branch.main.vscode-merge-base [1ms]
2024-07-07 17:00:46.140 [info] > git for-each-ref --format=%(refname)%00%(upstream:short)%00%(objectname)%00%(upstream:track)%00%(upstream:remotename)%00%(upstream:remoteref) refs/heads/origin/main refs/remotes/origin/main [1ms]
2024-07-07 17:06:39.890 [info] > git config --get commit.template [5ms]
2024-07-07 17:06:39.891 [info] > git for-each-ref --format=%(refname)%00%(upstream:short)%00%(objectname)%00%(upstream:track)%00%(upstream:remotename)%00%(upstream:remoteref) refs/heads/main refs/remotes/main [1ms]
2024-07-07 17:06:39.897 [info] > git status -z -uall [2ms]
2024-07-07 17:06:39.905 [info] > git for-each-ref --format=%(refname)%00%(upstream:short)%00%(objectname)%00%(upstream:track)%00%(upstream:remotename)%00%(upstream:remoteref) refs/heads/main refs/remotes/main [2ms]
2024-07-07 17:06:39.910 [info] > git config --local branch.main.vscode-merge-base [1ms]
2024-07-07 17:06:39.915 [info] > git for-each-ref --format=%(refname)%00%(upstream:short)%00%(objectname)%00%(upstream:track)%00%(upstream:remotename)%00%(upstream:remoteref) refs/heads/origin/main refs/remotes/origin/main [1ms]
2024-07-07 17:06:40.566 [info] > git check-ignore -v -z --stdin [1ms]
2024-07-07 17:06:40.594 [info] > git fetch [712ms]
2024-07-07 17:06:40.603 [info] > git config --get commit.template [4ms]
2024-07-07 17:06:40.604 [info] > git for-each-ref --format=%(refname)%00%(upstream:short)%00%(objectname)%00%(upstream:track)%00%(upstream:remotename)%00%(upstream:remoteref) refs/heads/main refs/remotes/main [1ms]
2024-07-07 17:06:40.609 [info] > git status -z -uall [2ms]
2024-07-07 17:06:40.615 [info] > git for-each-ref --format=%(refname)%00%(upstream:short)%00%(objectname)%00%(upstream:track)%00%(upstream:remotename)%00%(upstream:remoteref) refs/heads/main refs/remotes/main [2ms]
2024-07-07 17:06:40.623 [info] > git config --local branch.main.vscode-merge-base [1ms]
2024-07-07 17:06:40.628 [info] > git for-each-ref --format=%(refname)%00%(upstream:short)%00%(objectname)%00%(upstream:track)%00%(upstream:remotename)%00%(upstream:remoteref) refs/heads/origin/main refs/remotes/origin/main [1ms]
2024-07-07 17:06:41.774 [info] > git ls-files --stage -- /home/max/dotfiles/readme.md [2ms]
2024-07-07 17:06:41.779 [info] > git cat-file -s 38ae98c734e4887533364467566b7c360f7f7894 [1ms]
2024-07-07 17:06:41.786 [info] > git show --textconv :readme.md [1ms]
2024-07-07 17:16:51.596 [info] > git config --get commit.template [5ms]
2024-07-07 17:16:51.597 [info] > git for-each-ref --format=%(refname)%00%(upstream:short)%00%(objectname)%00%(upstream:track)%00%(upstream:remotename)%00%(upstream:remoteref) refs/heads/main refs/remotes/main [1ms]
2024-07-07 17:16:51.602 [info] > git status -z -uall [1ms]
2024-07-07 17:16:51.610 [info] > git for-each-ref --format=%(refname)%00%(upstream:short)%00%(objectname)%00%(upstream:track)%00%(upstream:remotename)%00%(upstream:remoteref) refs/heads/main refs/remotes/main [2ms]
2024-07-07 17:16:51.616 [info] > git config --local branch.main.vscode-merge-base [2ms]
2024-07-07 17:16:51.621 [info] > git for-each-ref --format=%(refname)%00%(upstream:short)%00%(objectname)%00%(upstream:track)%00%(upstream:remotename)%00%(upstream:remoteref) refs/heads/origin/main refs/remotes/origin/main [1ms]
2024-07-07 17:16:52.282 [info] > git fetch [696ms]
2024-07-07 17:16:52.292 [info] > git config --get commit.template [5ms]
2024-07-07 17:16:52.292 [info] > git for-each-ref --format=%(refname)%00%(upstream:short)%00%(objectname)%00%(upstream:track)%00%(upstream:remotename)%00%(upstream:remoteref) refs/heads/main refs/remotes/main [1ms]
2024-07-07 17:16:52.298 [info] > git status -z -uall [2ms]
2024-07-07 17:16:52.304 [info] > git for-each-ref --format=%(refname)%00%(upstream:short)%00%(objectname)%00%(upstream:track)%00%(upstream:remotename)%00%(upstream:remoteref) refs/heads/main refs/remotes/main [1ms]
2024-07-07 17:16:52.309 [info] > git config --local branch.main.vscode-merge-base [1ms]
2024-07-07 17:16:52.314 [info] > git for-each-ref --format=%(refname)%00%(upstream:short)%00%(objectname)%00%(upstream:track)%00%(upstream:remotename)%00%(upstream:remoteref) refs/heads/origin/main refs/remotes/origin/main [1ms]
