2024-06-16 02:53:51.462 [info] Log level: Info
2024-06-16 02:53:51.463 [info] Validating found git in: "git"
2024-06-16 02:53:51.463 [info] Using git "2.43.0" from "git"
2024-06-16 02:53:51.463 [info] > git rev-parse --show-toplevel [3ms]
2024-06-16 02:53:51.463 [info] fatal: not a git repository (or any parent up to mount point /)
Stopping at filesystem boundary (GIT_DISCOVERY_ACROSS_FILESYSTEM not set).
2024-06-16 02:53:51.463 [info] > git rev-parse --show-toplevel [91ms]
2024-06-16 02:53:51.463 [info] fatal: not a git repository (or any parent up to mount point /)
Stopping at filesystem boundary (GIT_DISCOVERY_ACROSS_FILESYSTEM not set).
2024-06-16 02:53:51.463 [info] > git rev-parse --show-toplevel [7ms]
2024-06-16 02:53:51.482 [info] > git rev-parse --git-dir --git-common-dir [15ms]
2024-06-16 02:53:51.489 [info] Open repository: /home/max/obsidian/obsidian
2024-06-16 02:53:51.511 [info] > git rev-parse --show-toplevel [12ms]
2024-06-16 02:53:51.511 [info] fatal: not a git repository (or any parent up to mount point /)
Stopping at filesystem boundary (GIT_DISCOVERY_ACROSS_FILESYSTEM not set).
2024-06-16 02:53:51.511 [info] > git config --get commit.template [15ms]
2024-06-16 02:53:51.545 [info] > git for-each-ref --format=%(refname)%00%(upstream:short)%00%(objectname)%00%(upstream:track)%00%(upstream:remotename)%00%(upstream:remoteref) refs/heads/master refs/remotes/master [13ms]
2024-06-16 02:53:51.553 [info] > git rev-parse --show-toplevel [25ms]
2024-06-16 02:53:51.553 [info] fatal: not a git repository (or any parent up to mount point /)
Stopping at filesystem boundary (GIT_DISCOVERY_ACROSS_FILESYSTEM not set).
2024-06-16 02:53:51.573 [info] > git rev-parse --show-toplevel [5ms]
2024-06-16 02:53:51.573 [info] fatal: not a git repository (or any parent up to mount point /)
Stopping at filesystem boundary (GIT_DISCOVERY_ACROSS_FILESYSTEM not set).
2024-06-16 02:53:51.581 [info] > git status -z -uall [2ms]
2024-06-16 02:53:51.601 [info] > git merge-base refs/heads/master refs/remotes/origin/master [15ms]
2024-06-16 02:53:51.606 [info] > git config --get commit.template [5ms]
2024-06-16 02:53:51.611 [info] > git rev-list --count --left-right refs/heads/master...refs/remotes/origin/master [6ms]
2024-06-16 02:53:51.616 [info] > git for-each-ref --format=%(refname)%00%(upstream:short)%00%(objectname)%00%(upstream:track)%00%(upstream:remotename)%00%(upstream:remoteref) refs/heads/master refs/remotes/master [5ms]
2024-06-16 02:53:51.621 [info] > git diff --name-status -z --diff-filter=ADMR a4ca042966fae975b95cda782510deb4a973dd5e...refs/remotes/origin/master [5ms]
2024-06-16 02:53:51.623 [info] > git status -z -uall [2ms]
2024-06-16 02:53:52.044 [info] > git check-ignore -v -z --stdin [1ms]
2024-06-16 02:53:53.217 [info] > git rev-parse --show-toplevel [1ms]
2024-06-16 02:53:53.218 [info] fatal: not a git repository (or any parent up to mount point /)
Stopping at filesystem boundary (GIT_DISCOVERY_ACROSS_FILESYSTEM not set).
2024-06-16 02:53:54.785 [info] > git merge-base refs/heads/master refs/remotes/origin/master [2ms]
2024-06-16 02:53:54.793 [info] > git rev-list --count --left-right refs/heads/master...refs/remotes/origin/master [4ms]
2024-06-16 02:53:54.837 [info] > git rev-parse --show-toplevel [1ms]
2024-06-16 02:53:54.837 [info] fatal: not a git repository (or any parent up to mount point /)
Stopping at filesystem boundary (GIT_DISCOVERY_ACROSS_FILESYSTEM not set).
2024-06-16 02:53:55.387 [info] > git check-ignore -v -z --stdin [1ms]
2024-06-16 02:53:55.940 [info] > git add -A -- . [12ms]
2024-06-16 02:53:56.317 [info] > git show --textconv :.git/COMMIT_EDITMSG [5ms]
2024-06-16 02:53:56.317 [info] > git ls-files --stage -- /home/max/obsidian/obsidian/.git/COMMIT_EDITMSG [1ms]
2024-06-16 02:53:56.792 [info] > git check-ignore -v -z --stdin [2ms]
2024-06-16 02:53:57.879 [info] > git ls-files --stage -- /home/max/obsidian/obsidian/.git/COMMIT_EDITMSG [2ms]
2024-06-16 02:53:57.884 [info] > git show --textconv :.git/COMMIT_EDITMSG [1ms]
2024-06-16 02:53:58.633 [info] > git -c user.useConfigOnly=true commit --quiet [2687ms]
2024-06-16 02:53:58.633 [info] Aborting commit due to empty commit message.
2024-06-16 02:53:58.642 [info] > git config --get commit.template [4ms]
2024-06-16 02:53:58.643 [info] > git for-each-ref --format=%(refname)%00%(upstream:short)%00%(objectname)%00%(upstream:track)%00%(upstream:remotename)%00%(upstream:remoteref) refs/heads/master refs/remotes/master [2ms]
2024-06-16 02:53:58.648 [info] > git status -z -uall [2ms]
2024-06-16 02:54:02.322 [info] > git show --textconv :.git/COMMIT_EDITMSG [9ms]
2024-06-16 02:54:02.323 [info] > git ls-files --stage -- /home/max/obsidian/obsidian/.git/COMMIT_EDITMSG [4ms]
2024-06-16 02:54:03.186 [info] > git ls-files --stage -- /home/max/obsidian/obsidian/.git/COMMIT_EDITMSG [1ms]
2024-06-16 02:54:03.197 [info] > git show --textconv :.git/COMMIT_EDITMSG [2ms]
2024-06-16 02:54:09.347 [info] > git ls-files --stage -- /home/max/obsidian/obsidian/.git/COMMIT_EDITMSG [1ms]
2024-06-16 02:54:09.352 [info] > git show --textconv :.git/COMMIT_EDITMSG [1ms]
2024-06-16 02:54:11.517 [info] > git fetch [20029ms]
2024-06-16 02:54:11.517 [info] fatal: unable to access 'https://github.com/A-freedom/obsidian.git/': Could not resolve host: github.com
2024-06-16 02:54:11.524 [info] > git config --get commit.template [1ms]
2024-06-16 02:54:11.531 [info] > git for-each-ref --format=%(refname)%00%(upstream:short)%00%(objectname)%00%(upstream:track)%00%(upstream:remotename)%00%(upstream:remoteref) refs/heads/master refs/remotes/master [2ms]
2024-06-16 02:54:11.536 [info] > git status -z -uall [2ms]
2024-06-16 02:54:11.640 [info] > git ls-files --stage -- /home/max/obsidian/obsidian/.git/COMMIT_EDITMSG [1ms]
2024-06-16 02:54:11.646 [info] > git show --textconv :.git/COMMIT_EDITMSG [1ms]
2024-06-16 02:54:13.011 [info] > git ls-files --stage -- /home/max/obsidian/obsidian/.git/COMMIT_EDITMSG [1ms]
2024-06-16 02:54:13.019 [info] > git show --textconv :.git/COMMIT_EDITMSG [1ms]
2024-06-16 02:54:16.218 [info] > git ls-files --stage -- /home/max/obsidian/obsidian/.git/COMMIT_EDITMSG [2ms]
2024-06-16 02:54:16.223 [info] > git show --textconv :.git/COMMIT_EDITMSG [1ms]
2024-06-16 02:54:22.563 [info] > git ls-files --stage -- /home/max/obsidian/obsidian/.git/COMMIT_EDITMSG [1ms]
2024-06-16 02:54:22.568 [info] > git show --textconv :.git/COMMIT_EDITMSG [1ms]
2024-06-16 02:54:24.469 [info] > git -c user.useConfigOnly=true commit --quiet [22470ms]
2024-06-16 02:54:24.483 [info] > git config --get commit.template [8ms]
2024-06-16 02:54:24.485 [info] > git for-each-ref --format=%(refname)%00%(upstream:short)%00%(objectname)%00%(upstream:track)%00%(upstream:remotename)%00%(upstream:remoteref) refs/heads/master refs/remotes/master [3ms]
2024-06-16 02:54:24.494 [info] > git status -z -uall [2ms]
2024-06-16 02:54:24.501 [info] > git merge-base refs/heads/master refs/remotes/origin/master [2ms]
2024-06-16 02:54:24.515 [info] > git rev-list --count --left-right refs/heads/master...refs/remotes/origin/master [10ms]
2024-06-16 02:54:24.520 [info] > git config --get commit.template [5ms]
2024-06-16 02:54:24.521 [info] > git merge-base refs/heads/master refs/remotes/origin/master [10ms]
2024-06-16 02:54:24.525 [info] > git diff --name-status -z --diff-filter=ADMR a4ca042966fae975b95cda782510deb4a973dd5e...refs/remotes/origin/master [6ms]
2024-06-16 02:54:24.532 [info] > git rev-list --count --left-right refs/heads/master...refs/remotes/origin/master [7ms]
2024-06-16 02:54:24.533 [info] > git for-each-ref --format=%(refname)%00%(upstream:short)%00%(objectname)%00%(upstream:track)%00%(upstream:remotename)%00%(upstream:remoteref) refs/heads/master refs/remotes/master [2ms]
2024-06-16 02:54:24.541 [info] > git status -z -uall [2ms]
2024-06-16 02:54:26.535 [info] > git log --oneline --cherry master...master@{upstream} -- [3ms]
2024-06-16 02:54:36.840 [info] > git rev-parse --show-toplevel [2ms]
2024-06-16 02:54:36.840 [info] fatal: not a git repository (or any parent up to mount point /)
Stopping at filesystem boundary (GIT_DISCOVERY_ACROSS_FILESYSTEM not set).
2024-06-16 02:54:36.862 [info] > git rev-parse --show-toplevel [1ms]
2024-06-16 02:54:36.862 [info] fatal: not a git repository (or any parent up to mount point /)
Stopping at filesystem boundary (GIT_DISCOVERY_ACROSS_FILESYSTEM not set).
2024-06-16 02:54:46.578 [info] > git pull --tags origin master [20038ms]
2024-06-16 02:54:46.578 [info] fatal: unable to access 'https://github.com/A-freedom/obsidian.git/': Could not resolve host: github.com
2024-06-16 02:54:46.586 [info] > git config --get commit.template [3ms]
2024-06-16 02:54:46.587 [info] > git for-each-ref --format=%(refname)%00%(upstream:short)%00%(objectname)%00%(upstream:track)%00%(upstream:remotename)%00%(upstream:remoteref) refs/heads/master refs/remotes/master [1ms]
2024-06-16 02:54:46.594 [info] > git status -z -uall [3ms]
2024-06-16 02:57:41.309 [info] > git config --get commit.template [4ms]
2024-06-16 02:57:41.310 [info] > git for-each-ref --format=%(refname)%00%(upstream:short)%00%(objectname)%00%(upstream:track)%00%(upstream:remotename)%00%(upstream:remoteref) refs/heads/master refs/remotes/master [1ms]
2024-06-16 02:57:41.316 [info] > git status -z -uall [2ms]
2024-06-16 02:57:49.719 [info] > git log --oneline --cherry master...master@{upstream} -- [5ms]
2024-06-16 02:58:00.070 [info] > git fetch [18768ms]
2024-06-16 02:58:00.070 [info] fatal: unable to access 'https://github.com/A-freedom/obsidian.git/': Could not resolve host: github.com
2024-06-16 02:58:00.078 [info] > git config --get commit.template [1ms]
2024-06-16 02:58:00.084 [info] > git for-each-ref --format=%(refname)%00%(upstream:short)%00%(objectname)%00%(upstream:track)%00%(upstream:remotename)%00%(upstream:remoteref) refs/heads/master refs/remotes/master [2ms]
2024-06-16 02:58:00.088 [info] > git status -z -uall [1ms]
2024-06-16 02:58:08.151 [info] > git pull --tags origin master [18423ms]
2024-06-16 02:58:08.151 [info] fatal: unable to access 'https://github.com/A-freedom/obsidian.git/': Could not resolve host: github.com
2024-06-16 02:58:08.159 [info] > git config --get commit.template [3ms]
2024-06-16 02:58:08.160 [info] > git for-each-ref --format=%(refname)%00%(upstream:short)%00%(objectname)%00%(upstream:track)%00%(upstream:remotename)%00%(upstream:remoteref) refs/heads/master refs/remotes/master [1ms]
2024-06-16 02:58:08.165 [info] > git status -z -uall [2ms]
2024-06-16 02:58:08.182 [info] > git config --get commit.template [10ms]
2024-06-16 02:58:08.185 [info] > git for-each-ref --format=%(refname)%00%(upstream:short)%00%(objectname)%00%(upstream:track)%00%(upstream:remotename)%00%(upstream:remoteref) refs/heads/master refs/remotes/master [4ms]
2024-06-16 02:58:08.196 [info] > git status -z -uall [2ms]
2024-06-16 02:58:19.075 [info] > git log --oneline --cherry master...master@{upstream} -- [5ms]
2024-06-16 02:58:39.117 [info] > git pull --tags origin master [20033ms]
2024-06-16 02:58:39.117 [info] fatal: unable to access 'https://github.com/A-freedom/obsidian.git/': Could not resolve host: github.com
2024-06-16 02:58:39.124 [info] > git config --get commit.template [3ms]
2024-06-16 02:58:39.125 [info] > git for-each-ref --format=%(refname)%00%(upstream:short)%00%(objectname)%00%(upstream:track)%00%(upstream:remotename)%00%(upstream:remoteref) refs/heads/master refs/remotes/master [1ms]
2024-06-16 02:58:39.132 [info] > git status -z -uall [2ms]
2024-06-15 23:59:46.808 [info] > git config --get commit.template [1ms]
2024-06-15 23:59:46.815 [info] > git for-each-ref --format=%(refname)%00%(upstream:short)%00%(objectname)%00%(upstream:track)%00%(upstream:remotename)%00%(upstream:remoteref) refs/heads/master refs/remotes/master [1ms]
2024-06-15 23:59:46.822 [info] > git status -z -uall [2ms]
2024-06-15 23:59:47.730 [info] > git log --oneline --cherry master...master@{upstream} -- [2ms]
2024-06-15 23:59:48.774 [info] > git pull --tags origin master [1036ms]
2024-06-15 23:59:48.774 [info] From https://github.com/A-freedom/obsidian
 * branch            master     -> FETCH_HEAD
2024-06-15 23:59:50.048 [info] > git push origin master:master [1271ms]
2024-06-15 23:59:50.048 [info] To https://github.com/A-freedom/obsidian.git
   a4ca042..86947bb  master -> master
2024-06-15 23:59:50.057 [info] > git config --get commit.template [3ms]
2024-06-15 23:59:50.058 [info] > git for-each-ref --format=%(refname)%00%(upstream:short)%00%(objectname)%00%(upstream:track)%00%(upstream:remotename)%00%(upstream:remoteref) refs/heads/master refs/remotes/master [1ms]
2024-06-15 23:59:50.063 [info] > git status -z -uall [2ms]
2024-06-15 23:59:50.069 [info] > git merge-base refs/heads/master refs/remotes/origin/master [2ms]
2024-06-15 23:59:50.078 [info] > git rev-list --count --left-right refs/heads/master...refs/remotes/origin/master [5ms]
2024-06-15 23:59:50.083 [info] > git merge-base refs/heads/master refs/remotes/origin/master [6ms]
2024-06-15 23:59:50.090 [info] > git rev-list --count --left-right refs/heads/master...refs/remotes/origin/master [4ms]
2024-06-15 23:59:50.090 [info] > git diff --name-status -z --diff-filter=ADMR 86947bbd6466c83ab2e97613ee0f38d1f432a65a...refs/remotes/origin/master [8ms]
2024-06-15 23:59:51.833 [info] > git config --get commit.template [5ms]
2024-06-15 23:59:51.835 [info] > git for-each-ref --format=%(refname)%00%(upstream:short)%00%(objectname)%00%(upstream:track)%00%(upstream:remotename)%00%(upstream:remoteref) refs/heads/master refs/remotes/master [3ms]
2024-06-15 23:59:51.853 [info] > git status -z -uall [3ms]
2024-06-16 00:00:07.176 [info] > git config --get commit.template [5ms]
2024-06-16 00:00:07.184 [info] > git for-each-ref --format=%(refname)%00%(upstream:short)%00%(objectname)%00%(upstream:track)%00%(upstream:remotename)%00%(upstream:remoteref) refs/heads/master refs/remotes/master [1ms]
2024-06-16 00:00:07.191 [info] > git status -z -uall [2ms]
