2024-06-12 15:07:13.569 [warning] [remote-ssh]: Couldn't find message for key setting.usseExecServer.description.
2024-06-12 15:07:13.584 [warning] [remote-ssh]: Couldn't find message for key setting.usseExecServer.description.
2024-06-12 15:07:13.607 [warning] [remote-ssh]: Couldn't find message for key setting.usseExecServer.description.
2024-06-12 15:07:13.612 [warning] [remote-ssh]: Couldn't find message for key setting.usseExecServer.description.
2024-06-12 15:07:14.013 [warning] [remote-ssh]: Couldn't find message for key setting.usseExecServer.description.
2024-06-12 15:07:14.013 [warning] [remote-ssh]: Couldn't find message for key setting.usseExecServer.description.
2024-06-12 15:07:14.013 [warning] [remote-ssh]: Couldn't find message for key setting.usseExecServer.description.
2024-06-12 15:07:14.069 [info] Deleted uninstalled extension from disk ms-vscode.cmake-tools /home/max/.vscode/extensions/ms-vscode.cmake-tools-1.18.41
2024-06-12 15:07:14.107 [info] Deleted uninstalled extension from disk ms-vscode-remote.remote-containers /home/max/.vscode/extensions/ms-vscode-remote.remote-containers-0.362.0
2024-06-12 15:07:14.114 [info] Deleted uninstalled extension from disk ms-toolsai.jupyter-renderers /home/max/.vscode/extensions/ms-toolsai.jupyter-renderers-1.0.17
2024-06-12 15:07:14.135 [warning] [remote-ssh]: Couldn't find message for key setting.usseExecServer.description.
2024-06-12 15:07:14.144 [info] Deleted uninstalled extension from disk ms-toolsai.jupyter /home/max/.vscode/extensions/ms-toolsai.jupyter-2024.4.0-linux-x64
2024-06-12 15:07:14.162 [error] [uncaught exception in sharedProcess]: Error: ENOENT: no such file or directory, stat '/home/max/.vscode/extensions/ms-vscode-remote.remote-containers-0.362.0.313af36f.vsctmp': EntryNotFound (FileSystemError): Error: ENOENT: no such file or directory, stat '/home/max/.vscode/extensions/ms-vscode-remote.remote-containers-0.362.0.313af36f.vsctmp'
    at c.create (/snap/code/160/usr/share/code/resources/app/out/vs/code/node/sharedProcess/sharedProcessMain.js:53:19235)
    at m (/snap/code/160/usr/share/code/resources/app/out/vs/code/node/sharedProcess/sharedProcessMain.js:53:19345)
    at t.hb (/snap/code/160/usr/share/code/resources/app/out/vs/code/node/sharedProcess/sharedProcessMain.js:58:36685)
    at t.stat (/snap/code/160/usr/share/code/resources/app/out/vs/code/node/sharedProcess/sharedProcessMain.js:58:29033)
    at async b.stat (/snap/code/160/usr/share/code/resources/app/out/vs/code/node/sharedProcess/sharedProcessMain.js:58:14899)
    at async H.vb (/snap/code/160/usr/share/code/resources/app/out/vs/code/node/sharedProcess/sharedProcessMain.js:104:117665)
2024-06-12 15:07:14.261 [warning] [remote-ssh]: Couldn't find message for key setting.usseExecServer.description.
2024-06-12 15:07:14.268 [warning] [remote-ssh]: Couldn't find message for key setting.usseExecServer.description.
2024-06-12 15:07:14.274 [warning] [remote-ssh]: Couldn't find message for key setting.usseExecServer.description.
2024-06-12 15:07:14.280 [warning] [remote-ssh]: Couldn't find message for key setting.usseExecServer.description.
2024-06-12 15:07:14.308 [info] Deleted uninstalled extension from disk ms-python.vscode-pylance /home/max/.vscode/extensions/ms-python.vscode-pylance-2024.5.1
2024-06-12 15:07:14.398 [warning] [remote-ssh]: Couldn't find message for key setting.usseExecServer.description.
2024-06-12 15:07:14.436 [info] Deleted uninstalled extension from disk ms-python.python /home/max/.vscode/extensions/ms-python.python-2024.6.0
2024-06-12 15:07:14.483 [warning] [remote-ssh]: Couldn't find message for key setting.usseExecServer.description.
2024-06-12 15:07:14.550 [warning] [remote-ssh]: Couldn't find message for key setting.usseExecServer.description.
2024-06-12 15:07:14.624 [warning] [remote-ssh]: Couldn't find message for key setting.usseExecServer.description.
2024-06-12 15:07:14.698 [warning] [remote-ssh]: Couldn't find message for key setting.usseExecServer.description.
2024-06-12 15:07:15.755 [warning] [remote-ssh]: Couldn't find message for key setting.usseExecServer.description.
2024-06-12 15:07:15.819 [warning] [remote-ssh]: Couldn't find message for key setting.usseExecServer.description.
2024-06-12 15:07:15.832 [warning] [remote-ssh]: Couldn't find message for key setting.usseExecServer.description.
2024-06-12 15:07:16.466 [warning] [remote-ssh]: Couldn't find message for key setting.usseExecServer.description.
