2024-06-16 02:53:51.077 [info] Extension host with pid 21959 started
2024-06-16 02:53:51.077 [info] Skipping acquiring lock for /home/max/.config/Code/User/workspaceStorage/3bf7c5cd4edb38128914a1819f5eef38.
2024-06-16 02:53:51.144 [info] ExtensionService#_doActivateExtension vscode.git-base, startup: true, activationEvent: '*', root cause: vscode.git
2024-06-16 02:53:51.149 [info] ExtensionService#_doActivateExtension xshrim.txt-syntax, startup: true, activationEvent: '*'
2024-06-16 02:53:51.183 [info] ExtensionService#_doActivateExtension vscode.git, startup: true, activationEvent: '*'
2024-06-16 02:53:51.207 [info] ExtensionService#_doActivateExtension vscode.github, startup: true, activationEvent: '*'
2024-06-16 02:53:51.267 [info] Eager extensions activated
2024-06-16 02:53:51.283 [info] ExtensionService#_doActivateExtension vscode.debug-auto-launch, startup: false, activationEvent: 'onStartupFinished'
2024-06-16 02:53:51.284 [info] ExtensionService#_doActivateExtension vscode.merge-conflict, startup: false, activationEvent: 'onStartupFinished'
2024-06-16 02:53:51.290 [info] ExtensionService#_doActivateExtension formulahendry.code-runner, startup: false, activationEvent: 'onStartupFinished'
2024-06-16 02:53:51.316 [info] ExtensionService#_doActivateExtension meronz.manpages, startup: false, activationEvent: 'onStartupFinished'
2024-06-16 02:53:51.318 [info] ExtensionService#_doActivateExtension ms-vscode-remote.remote-containers, startup: false, activationEvent: 'onStartupFinished'
2024-06-16 02:53:51.355 [info] ExtensionService#_doActivateExtension ms-vscode-remote.remote-wsl, startup: false, activationEvent: 'onStartupFinished'
2024-06-16 02:53:51.500 [info] ExtensionService#_doActivateExtension vscode.github-authentication, startup: false, activationEvent: 'onAuthenticationRequest:github'
2024-06-16 02:53:51.538 [info] ExtensionService#_doActivateExtension vscode.emmet, startup: false, activationEvent: 'onLanguage'
2024-06-16 02:53:56.332 [info] ExtensionService#_doActivateExtension GrapeCity.gc-excelviewer, startup: false, activationEvent: 'onLanguage:plaintext'
2024-06-16 02:53:56.344 [info] ExtensionService#_doActivateExtension mechatroner.rainbow-csv, startup: false, activationEvent: 'onLanguage:plaintext'
2024-06-16 02:53:58.647 [warning] Provider for scheme 'man' is firing event for schema 'git' which will be IGNORED
2024-06-16 02:54:24.476 [warning] Provider for scheme 'man' is firing event for schema 'git' which will be IGNORED
2024-06-16 02:56:56.081 [warning] Provider for scheme 'man' is firing event for schema 'file' which will be IGNORED
2024-06-16 00:00:07.415 [info] Extension host terminating: renderer closed the MessagePort
2024-06-16 00:00:07.431 [error] Canceled: Canceled
	at new A (/snap/code/161/usr/share/code/resources/app/out/vs/workbench/api/node/extensionHostProcess.js:143:50615)
	at E.U (/snap/code/161/usr/share/code/resources/app/out/vs/workbench/api/node/extensionHostProcess.js:150:6007)
	at z.<computed>.M.charCodeAt.R.CharCode.DollarSign.z.<computed> (/snap/code/161/usr/share/code/resources/app/out/vs/workbench/api/node/extensionHostProcess.js:150:3091)
	at h.g (/snap/code/161/usr/share/code/resources/app/out/vs/workbench/api/node/extensionHostProcess.js:153:199937)
	at h.executeCommand (/snap/code/161/usr/share/code/resources/app/out/vs/workbench/api/node/extensionHostProcess.js:153:199375)
	at I.registerCommand.description (/snap/code/161/usr/share/code/resources/app/out/vs/workbench/api/node/extensionHostProcess.js:153:198699)
	at h (/snap/code/161/usr/share/code/resources/app/out/vs/workbench/api/node/extensionHostProcess.js:153:200476)
	at h.g (/snap/code/161/usr/share/code/resources/app/out/vs/workbench/api/node/extensionHostProcess.js:153:199468)
	at h.executeCommand (/snap/code/161/usr/share/code/resources/app/out/vs/workbench/api/node/extensionHostProcess.js:153:199375)
	at Object.executeCommand (/snap/code/161/usr/share/code/resources/app/out/vs/workbench/api/node/extensionHostProcess.js:163:22742)
	at n.O [as value] (/snap/code/161/usr/share/code/resources/app/extensions/git/dist/main.js:2:945191)
	at l.y (/snap/code/161/usr/share/code/resources/app/out/vs/workbench/api/node/extensionHostProcess.js:82:664)
	at l.z (/snap/code/161/usr/share/code/resources/app/out/vs/workbench/api/node/extensionHostProcess.js:82:734)
	at l.fire (/snap/code/161/usr/share/code/resources/app/out/vs/workbench/api/node/extensionHostProcess.js:82:950)
	at Object.p [as dispose] (/snap/code/161/usr/share/code/resources/app/extensions/git/dist/main.js:2:964275)
	at /snap/code/161/usr/share/code/resources/app/extensions/git/dist/main.js:2:970313
	at Array.forEach (<anonymous>)
	at f.dispose (/snap/code/161/usr/share/code/resources/app/extensions/git/dist/main.js:2:970299)
	at a.<anonymous> (/snap/code/161/usr/share/code/resources/app/out/vs/workbench/api/node/extensionHostProcess.js:151:4032)
	at a.dispose (/snap/code/161/usr/share/code/resources/app/out/vs/workbench/api/node/extensionHostProcess.js:151:4129)
	at a.<anonymous> (/snap/code/161/usr/share/code/resources/app/extensions/git/dist/main.js:2:947448)
	at a.dispose (/snap/code/161/usr/share/code/resources/app/out/vs/workbench/api/node/extensionHostProcess.js:151:4129)
	at f (/snap/code/161/usr/share/code/resources/app/out/vs/workbench/api/node/extensionHostProcess.js:30:744)
	at u.eb (/snap/code/161/usr/share/code/resources/app/out/vs/workbench/api/node/extensionHostProcess.js:159:9991)
	at /snap/code/161/usr/share/code/resources/app/out/vs/workbench/api/node/extensionHostProcess.js:159:7867
	at Array.map (<anonymous>)
	at u.$ (/snap/code/161/usr/share/code/resources/app/out/vs/workbench/api/node/extensionHostProcess.js:159:7854)
	at u.terminate (/snap/code/161/usr/share/code/resources/app/out/vs/workbench/api/node/extensionHostProcess.js:159:8127)
	at f.terminate (/snap/code/161/usr/share/code/resources/app/out/vs/workbench/api/node/extensionHostProcess.js:163:1513)
	at t (/snap/code/161/usr/share/code/resources/app/out/vs/workbench/api/node/extensionHostProcess.js:176:10459)
	at MessagePortMain.<anonymous> (/snap/code/161/usr/share/code/resources/app/out/vs/workbench/api/node/extensionHostProcess.js:176:6675)
	at MessagePortMain.emit (node:events:514:28)
	at MessagePortMain._internalPort.emit (node:electron/js2c/utility_init:2:2285) setContext undefined
2024-06-16 00:00:07.432 [error] Canceled: Canceled
	at new A (/snap/code/161/usr/share/code/resources/app/out/vs/workbench/api/node/extensionHostProcess.js:143:50615)
	at E.U (/snap/code/161/usr/share/code/resources/app/out/vs/workbench/api/node/extensionHostProcess.js:150:6007)
	at z.<computed>.M.charCodeAt.R.CharCode.DollarSign.z.<computed> (/snap/code/161/usr/share/code/resources/app/out/vs/workbench/api/node/extensionHostProcess.js:150:3091)
	at h.g (/snap/code/161/usr/share/code/resources/app/out/vs/workbench/api/node/extensionHostProcess.js:153:199937)
	at h.executeCommand (/snap/code/161/usr/share/code/resources/app/out/vs/workbench/api/node/extensionHostProcess.js:153:199375)
	at I.registerCommand.description (/snap/code/161/usr/share/code/resources/app/out/vs/workbench/api/node/extensionHostProcess.js:153:198699)
	at h (/snap/code/161/usr/share/code/resources/app/out/vs/workbench/api/node/extensionHostProcess.js:153:200476)
	at h.g (/snap/code/161/usr/share/code/resources/app/out/vs/workbench/api/node/extensionHostProcess.js:153:199468)
	at h.executeCommand (/snap/code/161/usr/share/code/resources/app/out/vs/workbench/api/node/extensionHostProcess.js:153:199375)
	at Object.executeCommand (/snap/code/161/usr/share/code/resources/app/out/vs/workbench/api/node/extensionHostProcess.js:163:22742)
	at set hasGitHubRepositories (/snap/code/161/usr/share/code/resources/app/extensions/github/dist/extension.js:2:322969)
	at /snap/code/161/usr/share/code/resources/app/extensions/github/dist/extension.js:2:323928
	at n.value (/snap/code/161/usr/share/code/resources/app/extensions/git/dist/main.js:2:1050764)
	at l.y (/snap/code/161/usr/share/code/resources/app/out/vs/workbench/api/node/extensionHostProcess.js:82:664)
	at l.z (/snap/code/161/usr/share/code/resources/app/out/vs/workbench/api/node/extensionHostProcess.js:82:734)
	at l.fire (/snap/code/161/usr/share/code/resources/app/out/vs/workbench/api/node/extensionHostProcess.js:82:950)
	at Object.p [as dispose] (/snap/code/161/usr/share/code/resources/app/extensions/git/dist/main.js:2:964275)
	at /snap/code/161/usr/share/code/resources/app/extensions/git/dist/main.js:2:970313
	at Array.forEach (<anonymous>)
	at f.dispose (/snap/code/161/usr/share/code/resources/app/extensions/git/dist/main.js:2:970299)
	at a.<anonymous> (/snap/code/161/usr/share/code/resources/app/out/vs/workbench/api/node/extensionHostProcess.js:151:4032)
	at a.dispose (/snap/code/161/usr/share/code/resources/app/out/vs/workbench/api/node/extensionHostProcess.js:151:4129)
	at a.<anonymous> (/snap/code/161/usr/share/code/resources/app/extensions/git/dist/main.js:2:947448)
	at a.dispose (/snap/code/161/usr/share/code/resources/app/out/vs/workbench/api/node/extensionHostProcess.js:151:4129)
	at f (/snap/code/161/usr/share/code/resources/app/out/vs/workbench/api/node/extensionHostProcess.js:30:744)
	at u.eb (/snap/code/161/usr/share/code/resources/app/out/vs/workbench/api/node/extensionHostProcess.js:159:9991)
	at /snap/code/161/usr/share/code/resources/app/out/vs/workbench/api/node/extensionHostProcess.js:159:7867
	at Array.map (<anonymous>)
	at u.$ (/snap/code/161/usr/share/code/resources/app/out/vs/workbench/api/node/extensionHostProcess.js:159:7854)
	at u.terminate (/snap/code/161/usr/share/code/resources/app/out/vs/workbench/api/node/extensionHostProcess.js:159:8127)
	at f.terminate (/snap/code/161/usr/share/code/resources/app/out/vs/workbench/api/node/extensionHostProcess.js:163:1513)
	at t (/snap/code/161/usr/share/code/resources/app/out/vs/workbench/api/node/extensionHostProcess.js:176:10459)
	at MessagePortMain.<anonymous> (/snap/code/161/usr/share/code/resources/app/out/vs/workbench/api/node/extensionHostProcess.js:176:6675)
	at MessagePortMain.emit (node:events:514:28)
	at MessagePortMain._internalPort.emit (node:electron/js2c/utility_init:2:2285) setContext undefined
2024-06-16 00:00:07.447 [info] Extension host with pid 21959 exiting with code 0
